This is pdfTeX, Version 3.14159265-2.6-1.40.19 (MiKTeX 2.9.6630 64-bit) (preloaded format=pdflatex 2018.5.27)  24 AUG 2018 21:20
entering extended mode
**./memoria.tex
(memoria.tex
LaTeX2e <2017-04-15>
Babel <3.18> and hyphenation patterns for 75 language(s) loaded.
("C:\Users\Javi\AppData\Local\Programs\MiKTeX 2.9\tex\latex\base\book.cls"
Document Class: book 2014/09/29 v1.4h Standard LaTeX document class
("C:\Users\Javi\AppData\Local\Programs\MiKTeX 2.9\tex\latex\base\bk11.clo"
File: bk11.clo 2014/09/29 v1.4h Standard LaTeX file (size option)
)
\c@part=\count79
\c@chapter=\count80
\c@section=\count81
\c@subsection=\count82
\c@subsubsection=\count83
\c@paragraph=\count84
\c@subparagraph=\count85
\c@figure=\count86
\c@table=\count87
\abovecaptionskip=\skip41
\belowcaptionskip=\skip42
\bibindent=\dimen102
)
("C:\Users\Javi\AppData\Local\Programs\MiKTeX 2.9\tex\latex\geometry\geometry.s
ty"
Package: geometry 2010/09/12 v5.6 Page Geometry

("C:\Users\Javi\AppData\Local\Programs\MiKTeX 2.9\tex\latex\graphics\keyval.sty
"
Package: keyval 2014/10/28 v1.15 key=value parser (DPC)
\KV@toks@=\toks14
)
("C:\Users\Javi\AppData\Local\Programs\MiKTeX 2.9\tex\generic\oberdiek\ifpdf.st
y"
Package: ifpdf 2017/03/15 v3.2 Provides the ifpdf switch
)
("C:\Users\Javi\AppData\Local\Programs\MiKTeX 2.9\tex\generic\oberdiek\ifvtex.s
ty"
Package: ifvtex 2016/05/16 v1.6 Detect VTeX and its facilities (HO)
Package ifvtex Info: VTeX not detected.
)
("C:\Users\Javi\AppData\Local\Programs\MiKTeX 2.9\tex\generic\ifxetex\ifxetex.s
ty"
Package: ifxetex 2010/09/12 v0.6 Provides ifxetex conditional
)
\Gm@cnth=\count88
\Gm@cntv=\count89
\c@Gm@tempcnt=\count90
\Gm@bindingoffset=\dimen103
\Gm@wd@mp=\dimen104
\Gm@odd@mp=\dimen105
\Gm@even@mp=\dimen106
\Gm@layoutwidth=\dimen107
\Gm@layoutheight=\dimen108
\Gm@layouthoffset=\dimen109
\Gm@layoutvoffset=\dimen110
\Gm@dimlist=\toks15

("C:\Users\Javi\AppData\Local\Programs\MiKTeX 2.9\tex\latex\geometry\geometry.c
fg"))
("C:\Users\Javi\AppData\Local\Programs\MiKTeX 2.9\tex\latex\base\fontenc.sty"
Package: fontenc 2017/04/05 v2.0i Standard LaTeX package

("C:\Users\Javi\AppData\Local\Programs\MiKTeX 2.9\tex\latex\base\t1enc.def"
File: t1enc.def 2017/04/05 v2.0i Standard LaTeX file
LaTeX Font Info:    Redeclaring font encoding T1 on input line 48.
))
("C:\Users\Javi\AppData\Local\Programs\MiKTeX 2.9\tex\latex\base\inputenc.sty"
Package: inputenc 2015/03/17 v1.2c Input encoding file
\inpenc@prehook=\toks16
\inpenc@posthook=\toks17

("C:\Users\Javi\AppData\Local\Programs\MiKTeX 2.9\tex\latex\base\utf8.def"
File: utf8.def 2017/01/28 v1.1t UTF-8 support for inputenc
Now handling font encoding OML ...
... no UTF-8 mapping file for font encoding OML
Now handling font encoding T1 ...
... processing UTF-8 mapping file for font encoding T1

("C:\Users\Javi\AppData\Local\Programs\MiKTeX 2.9\tex\latex\base\t1enc.dfu"
File: t1enc.dfu 2017/01/28 v1.1t UTF-8 support for inputenc
   defining Unicode char U+00A0 (decimal 160)
   defining Unicode char U+00A1 (decimal 161)
   defining Unicode char U+00A3 (decimal 163)
   defining Unicode char U+00AB (decimal 171)
   defining Unicode char U+00AD (decimal 173)
   defining Unicode char U+00BB (decimal 187)
   defining Unicode char U+00BF (decimal 191)
   defining Unicode char U+00C0 (decimal 192)
   defining Unicode char U+00C1 (decimal 193)
   defining Unicode char U+00C2 (decimal 194)
   defining Unicode char U+00C3 (decimal 195)
   defining Unicode char U+00C4 (decimal 196)
   defining Unicode char U+00C5 (decimal 197)
   defining Unicode char U+00C6 (decimal 198)
   defining Unicode char U+00C7 (decimal 199)
   defining Unicode char U+00C8 (decimal 200)
   defining Unicode char U+00C9 (decimal 201)
   defining Unicode char U+00CA (decimal 202)
   defining Unicode char U+00CB (decimal 203)
   defining Unicode char U+00CC (decimal 204)
   defining Unicode char U+00CD (decimal 205)
   defining Unicode char U+00CE (decimal 206)
   defining Unicode char U+00CF (decimal 207)
   defining Unicode char U+00D0 (decimal 208)
   defining Unicode char U+00D1 (decimal 209)
   defining Unicode char U+00D2 (decimal 210)
   defining Unicode char U+00D3 (decimal 211)
   defining Unicode char U+00D4 (decimal 212)
   defining Unicode char U+00D5 (decimal 213)
   defining Unicode char U+00D6 (decimal 214)
   defining Unicode char U+00D8 (decimal 216)
   defining Unicode char U+00D9 (decimal 217)
   defining Unicode char U+00DA (decimal 218)
   defining Unicode char U+00DB (decimal 219)
   defining Unicode char U+00DC (decimal 220)
   defining Unicode char U+00DD (decimal 221)
   defining Unicode char U+00DE (decimal 222)
   defining Unicode char U+00DF (decimal 223)
   defining Unicode char U+00E0 (decimal 224)
   defining Unicode char U+00E1 (decimal 225)
   defining Unicode char U+00E2 (decimal 226)
   defining Unicode char U+00E3 (decimal 227)
   defining Unicode char U+00E4 (decimal 228)
   defining Unicode char U+00E5 (decimal 229)
   defining Unicode char U+00E6 (decimal 230)
   defining Unicode char U+00E7 (decimal 231)
   defining Unicode char U+00E8 (decimal 232)
   defining Unicode char U+00E9 (decimal 233)
   defining Unicode char U+00EA (decimal 234)
   defining Unicode char U+00EB (decimal 235)
   defining Unicode char U+00EC (decimal 236)
   defining Unicode char U+00ED (decimal 237)
   defining Unicode char U+00EE (decimal 238)
   defining Unicode char U+00EF (decimal 239)
   defining Unicode char U+00F0 (decimal 240)
   defining Unicode char U+00F1 (decimal 241)
   defining Unicode char U+00F2 (decimal 242)
   defining Unicode char U+00F3 (decimal 243)
   defining Unicode char U+00F4 (decimal 244)
   defining Unicode char U+00F5 (decimal 245)
   defining Unicode char U+00F6 (decimal 246)
   defining Unicode char U+00F8 (decimal 248)
   defining Unicode char U+00F9 (decimal 249)
   defining Unicode char U+00FA (decimal 250)
   defining Unicode char U+00FB (decimal 251)
   defining Unicode char U+00FC (decimal 252)
   defining Unicode char U+00FD (decimal 253)
   defining Unicode char U+00FE (decimal 254)
   defining Unicode char U+00FF (decimal 255)
   defining Unicode char U+0100 (decimal 256)
   defining Unicode char U+0101 (decimal 257)
   defining Unicode char U+0102 (decimal 258)
   defining Unicode char U+0103 (decimal 259)
   defining Unicode char U+0104 (decimal 260)
   defining Unicode char U+0105 (decimal 261)
   defining Unicode char U+0106 (decimal 262)
   defining Unicode char U+0107 (decimal 263)
   defining Unicode char U+0108 (decimal 264)
   defining Unicode char U+0109 (decimal 265)
   defining Unicode char U+010A (decimal 266)
   defining Unicode char U+010B (decimal 267)
   defining Unicode char U+010C (decimal 268)
   defining Unicode char U+010D (decimal 269)
   defining Unicode char U+010E (decimal 270)
   defining Unicode char U+010F (decimal 271)
   defining Unicode char U+0110 (decimal 272)
   defining Unicode char U+0111 (decimal 273)
   defining Unicode char U+0112 (decimal 274)
   defining Unicode char U+0113 (decimal 275)
   defining Unicode char U+0114 (decimal 276)
   defining Unicode char U+0115 (decimal 277)
   defining Unicode char U+0116 (decimal 278)
   defining Unicode char U+0117 (decimal 279)
   defining Unicode char U+0118 (decimal 280)
   defining Unicode char U+0119 (decimal 281)
   defining Unicode char U+011A (decimal 282)
   defining Unicode char U+011B (decimal 283)
   defining Unicode char U+011C (decimal 284)
   defining Unicode char U+011D (decimal 285)
   defining Unicode char U+011E (decimal 286)
   defining Unicode char U+011F (decimal 287)
   defining Unicode char U+0120 (decimal 288)
   defining Unicode char U+0121 (decimal 289)
   defining Unicode char U+0122 (decimal 290)
   defining Unicode char U+0123 (decimal 291)
   defining Unicode char U+0124 (decimal 292)
   defining Unicode char U+0125 (decimal 293)
   defining Unicode char U+0128 (decimal 296)
   defining Unicode char U+0129 (decimal 297)
   defining Unicode char U+012A (decimal 298)
   defining Unicode char U+012B (decimal 299)
   defining Unicode char U+012C (decimal 300)
   defining Unicode char U+012D (decimal 301)
   defining Unicode char U+012E (decimal 302)
   defining Unicode char U+012F (decimal 303)
   defining Unicode char U+0130 (decimal 304)
   defining Unicode char U+0131 (decimal 305)
   defining Unicode char U+0132 (decimal 306)
   defining Unicode char U+0133 (decimal 307)
   defining Unicode char U+0134 (decimal 308)
   defining Unicode char U+0135 (decimal 309)
   defining Unicode char U+0136 (decimal 310)
   defining Unicode char U+0137 (decimal 311)
   defining Unicode char U+0139 (decimal 313)
   defining Unicode char U+013A (decimal 314)
   defining Unicode char U+013B (decimal 315)
   defining Unicode char U+013C (decimal 316)
   defining Unicode char U+013D (decimal 317)
   defining Unicode char U+013E (decimal 318)
   defining Unicode char U+0141 (decimal 321)
   defining Unicode char U+0142 (decimal 322)
   defining Unicode char U+0143 (decimal 323)
   defining Unicode char U+0144 (decimal 324)
   defining Unicode char U+0145 (decimal 325)
   defining Unicode char U+0146 (decimal 326)
   defining Unicode char U+0147 (decimal 327)
   defining Unicode char U+0148 (decimal 328)
   defining Unicode char U+014A (decimal 330)
   defining Unicode char U+014B (decimal 331)
   defining Unicode char U+014C (decimal 332)
   defining Unicode char U+014D (decimal 333)
   defining Unicode char U+014E (decimal 334)
   defining Unicode char U+014F (decimal 335)
   defining Unicode char U+0150 (decimal 336)
   defining Unicode char U+0151 (decimal 337)
   defining Unicode char U+0152 (decimal 338)
   defining Unicode char U+0153 (decimal 339)
   defining Unicode char U+0154 (decimal 340)
   defining Unicode char U+0155 (decimal 341)
   defining Unicode char U+0156 (decimal 342)
   defining Unicode char U+0157 (decimal 343)
   defining Unicode char U+0158 (decimal 344)
   defining Unicode char U+0159 (decimal 345)
   defining Unicode char U+015A (decimal 346)
   defining Unicode char U+015B (decimal 347)
   defining Unicode char U+015C (decimal 348)
   defining Unicode char U+015D (decimal 349)
   defining Unicode char U+015E (decimal 350)
   defining Unicode char U+015F (decimal 351)
   defining Unicode char U+0160 (decimal 352)
   defining Unicode char U+0161 (decimal 353)
   defining Unicode char U+0162 (decimal 354)
   defining Unicode char U+0163 (decimal 355)
   defining Unicode char U+0164 (decimal 356)
   defining Unicode char U+0165 (decimal 357)
   defining Unicode char U+0168 (decimal 360)
   defining Unicode char U+0169 (decimal 361)
   defining Unicode char U+016A (decimal 362)
   defining Unicode char U+016B (decimal 363)
   defining Unicode char U+016C (decimal 364)
   defining Unicode char U+016D (decimal 365)
   defining Unicode char U+016E (decimal 366)
   defining Unicode char U+016F (decimal 367)
   defining Unicode char U+0170 (decimal 368)
   defining Unicode char U+0171 (decimal 369)
   defining Unicode char U+0172 (decimal 370)
   defining Unicode char U+0173 (decimal 371)
   defining Unicode char U+0174 (decimal 372)
   defining Unicode char U+0175 (decimal 373)
   defining Unicode char U+0176 (decimal 374)
   defining Unicode char U+0177 (decimal 375)
   defining Unicode char U+0178 (decimal 376)
   defining Unicode char U+0179 (decimal 377)
   defining Unicode char U+017A (decimal 378)
   defining Unicode char U+017B (decimal 379)
   defining Unicode char U+017C (decimal 380)
   defining Unicode char U+017D (decimal 381)
   defining Unicode char U+017E (decimal 382)
   defining Unicode char U+01CD (decimal 461)
   defining Unicode char U+01CE (decimal 462)
   defining Unicode char U+01CF (decimal 463)
   defining Unicode char U+01D0 (decimal 464)
   defining Unicode char U+01D1 (decimal 465)
   defining Unicode char U+01D2 (decimal 466)
   defining Unicode char U+01D3 (decimal 467)
   defining Unicode char U+01D4 (decimal 468)
   defining Unicode char U+01E2 (decimal 482)
   defining Unicode char U+01E3 (decimal 483)
   defining Unicode char U+01E6 (decimal 486)
   defining Unicode char U+01E7 (decimal 487)
   defining Unicode char U+01E8 (decimal 488)
   defining Unicode char U+01E9 (decimal 489)
   defining Unicode char U+01EA (decimal 490)
   defining Unicode char U+01EB (decimal 491)
   defining Unicode char U+01F0 (decimal 496)
   defining Unicode char U+01F4 (decimal 500)
   defining Unicode char U+01F5 (decimal 501)
   defining Unicode char U+0218 (decimal 536)
   defining Unicode char U+0219 (decimal 537)
   defining Unicode char U+021A (decimal 538)
   defining Unicode char U+021B (decimal 539)
   defining Unicode char U+0232 (decimal 562)
   defining Unicode char U+0233 (decimal 563)
   defining Unicode char U+1E02 (decimal 7682)
   defining Unicode char U+1E03 (decimal 7683)
   defining Unicode char U+200C (decimal 8204)
   defining Unicode char U+2010 (decimal 8208)
   defining Unicode char U+2011 (decimal 8209)
   defining Unicode char U+2012 (decimal 8210)
   defining Unicode char U+2013 (decimal 8211)
   defining Unicode char U+2014 (decimal 8212)
   defining Unicode char U+2015 (decimal 8213)
   defining Unicode char U+2018 (decimal 8216)
   defining Unicode char U+2019 (decimal 8217)
   defining Unicode char U+201A (decimal 8218)
   defining Unicode char U+201C (decimal 8220)
   defining Unicode char U+201D (decimal 8221)
   defining Unicode char U+201E (decimal 8222)
   defining Unicode char U+2030 (decimal 8240)
   defining Unicode char U+2031 (decimal 8241)
   defining Unicode char U+2039 (decimal 8249)
   defining Unicode char U+203A (decimal 8250)
   defining Unicode char U+2423 (decimal 9251)
   defining Unicode char U+1E20 (decimal 7712)
   defining Unicode char U+1E21 (decimal 7713)
)
Now handling font encoding OT1 ...
... processing UTF-8 mapping file for font encoding OT1

("C:\Users\Javi\AppData\Local\Programs\MiKTeX 2.9\tex\latex\base\ot1enc.dfu"
File: ot1enc.dfu 2017/01/28 v1.1t UTF-8 support for inputenc
   defining Unicode char U+00A0 (decimal 160)
   defining Unicode char U+00A1 (decimal 161)
   defining Unicode char U+00A3 (decimal 163)
   defining Unicode char U+00AD (decimal 173)
   defining Unicode char U+00B8 (decimal 184)
   defining Unicode char U+00BF (decimal 191)
   defining Unicode char U+00C5 (decimal 197)
   defining Unicode char U+00C6 (decimal 198)
   defining Unicode char U+00D8 (decimal 216)
   defining Unicode char U+00DF (decimal 223)
   defining Unicode char U+00E6 (decimal 230)
   defining Unicode char U+00EC (decimal 236)
   defining Unicode char U+00ED (decimal 237)
   defining Unicode char U+00EE (decimal 238)
   defining Unicode char U+00EF (decimal 239)
   defining Unicode char U+00F8 (decimal 248)
   defining Unicode char U+0131 (decimal 305)
   defining Unicode char U+0141 (decimal 321)
   defining Unicode char U+0142 (decimal 322)
   defining Unicode char U+0152 (decimal 338)
   defining Unicode char U+0153 (decimal 339)
   defining Unicode char U+0174 (decimal 372)
   defining Unicode char U+0175 (decimal 373)
   defining Unicode char U+0176 (decimal 374)
   defining Unicode char U+0177 (decimal 375)
   defining Unicode char U+0218 (decimal 536)
   defining Unicode char U+0219 (decimal 537)
   defining Unicode char U+021A (decimal 538)
   defining Unicode char U+021B (decimal 539)
   defining Unicode char U+2013 (decimal 8211)
   defining Unicode char U+2014 (decimal 8212)
   defining Unicode char U+2018 (decimal 8216)
   defining Unicode char U+2019 (decimal 8217)
   defining Unicode char U+201C (decimal 8220)
   defining Unicode char U+201D (decimal 8221)
)
Now handling font encoding OMS ...
... processing UTF-8 mapping file for font encoding OMS

("C:\Users\Javi\AppData\Local\Programs\MiKTeX 2.9\tex\latex\base\omsenc.dfu"
File: omsenc.dfu 2017/01/28 v1.1t UTF-8 support for inputenc
   defining Unicode char U+00A7 (decimal 167)
   defining Unicode char U+00B6 (decimal 182)
   defining Unicode char U+00B7 (decimal 183)
   defining Unicode char U+2020 (decimal 8224)
   defining Unicode char U+2021 (decimal 8225)
   defining Unicode char U+2022 (decimal 8226)
)
Now handling font encoding OMX ...
... no UTF-8 mapping file for font encoding OMX
Now handling font encoding U ...
... no UTF-8 mapping file for font encoding U
   defining Unicode char U+00A9 (decimal 169)
   defining Unicode char U+00AA (decimal 170)
   defining Unicode char U+00AE (decimal 174)
   defining Unicode char U+00BA (decimal 186)
   defining Unicode char U+02C6 (decimal 710)
   defining Unicode char U+02DC (decimal 732)
   defining Unicode char U+200C (decimal 8204)
   defining Unicode char U+2026 (decimal 8230)
   defining Unicode char U+2122 (decimal 8482)
   defining Unicode char U+2423 (decimal 9251)
)) ("C:\Users\Javi\AppData\Local\Programs\MiKTeX 2.9\tex\latex\lm\lmodern.sty"
Package: lmodern 2009/10/30 v1.6 Latin Modern Fonts
LaTeX Font Info:    Overwriting symbol font `operators' in version `normal'
(Font)                  OT1/cmr/m/n --> OT1/lmr/m/n on input line 22.
LaTeX Font Info:    Overwriting symbol font `letters' in version `normal'
(Font)                  OML/cmm/m/it --> OML/lmm/m/it on input line 23.
LaTeX Font Info:    Overwriting symbol font `symbols' in version `normal'
(Font)                  OMS/cmsy/m/n --> OMS/lmsy/m/n on input line 24.
LaTeX Font Info:    Overwriting symbol font `largesymbols' in version `normal'
(Font)                  OMX/cmex/m/n --> OMX/lmex/m/n on input line 25.
LaTeX Font Info:    Overwriting symbol font `operators' in version `bold'
(Font)                  OT1/cmr/bx/n --> OT1/lmr/bx/n on input line 26.
LaTeX Font Info:    Overwriting symbol font `letters' in version `bold'
(Font)                  OML/cmm/b/it --> OML/lmm/b/it on input line 27.
LaTeX Font Info:    Overwriting symbol font `symbols' in version `bold'
(Font)                  OMS/cmsy/b/n --> OMS/lmsy/b/n on input line 28.
LaTeX Font Info:    Overwriting symbol font `largesymbols' in version `bold'
(Font)                  OMX/cmex/m/n --> OMX/lmex/m/n on input line 29.
LaTeX Font Info:    Overwriting math alphabet `\mathbf' in version `normal'
(Font)                  OT1/cmr/bx/n --> OT1/lmr/bx/n on input line 31.
LaTeX Font Info:    Overwriting math alphabet `\mathsf' in version `normal'
(Font)                  OT1/cmss/m/n --> OT1/lmss/m/n on input line 32.
LaTeX Font Info:    Overwriting math alphabet `\mathit' in version `normal'
(Font)                  OT1/cmr/m/it --> OT1/lmr/m/it on input line 33.
LaTeX Font Info:    Overwriting math alphabet `\mathtt' in version `normal'
(Font)                  OT1/cmtt/m/n --> OT1/lmtt/m/n on input line 34.
LaTeX Font Info:    Overwriting math alphabet `\mathbf' in version `bold'
(Font)                  OT1/cmr/bx/n --> OT1/lmr/bx/n on input line 35.
LaTeX Font Info:    Overwriting math alphabet `\mathsf' in version `bold'
(Font)                  OT1/cmss/bx/n --> OT1/lmss/bx/n on input line 36.
LaTeX Font Info:    Overwriting math alphabet `\mathit' in version `bold'
(Font)                  OT1/cmr/bx/it --> OT1/lmr/bx/it on input line 37.
LaTeX Font Info:    Overwriting math alphabet `\mathtt' in version `bold'
(Font)                  OT1/cmtt/m/n --> OT1/lmtt/m/n on input line 38.
)
("C:\Users\Javi\AppData\Local\Programs\MiKTeX 2.9\tex\latex\tools\enumerate.sty
"
Package: enumerate 2015/07/23 v3.00 enumerate extensions (DPC)
\@enLab=\toks18
) ("C:\Users\Javi\AppData\Local\Programs\MiKTeX 2.9\tex\latex\import\import.sty
"
Package: import 2009/03/23  v 5.1
)
("C:\Users\Javi\AppData\Local\Programs\MiKTeX 2.9\tex\latex\hyperref\hyperref.s
ty"
Package: hyperref 2018/02/06 v6.86b Hypertext links for LaTeX

("C:\Users\Javi\AppData\Local\Programs\MiKTeX 2.9\tex\generic\oberdiek\hobsub-h
yperref.sty"
Package: hobsub-hyperref 2016/05/16 v1.14 Bundle oberdiek, subset hyperref (HO)


("C:\Users\Javi\AppData\Local\Programs\MiKTeX 2.9\tex\generic\oberdiek\hobsub-g
eneric.sty"
Package: hobsub-generic 2016/05/16 v1.14 Bundle oberdiek, subset generic (HO)
Package: hobsub 2016/05/16 v1.14 Construct package bundles (HO)
Package: infwarerr 2016/05/16 v1.4 Providing info/warning/error messages (HO)
Package: ltxcmds 2016/05/16 v1.23 LaTeX kernel commands for general use (HO)
Package: ifluatex 2016/05/16 v1.4 Provides the ifluatex switch (HO)
Package ifluatex Info: LuaTeX not detected.
Package hobsub Info: Skipping package `ifvtex' (already loaded).
Package: intcalc 2016/05/16 v1.2 Expandable calculations with integers (HO)
Package hobsub Info: Skipping package `ifpdf' (already loaded).
Package: etexcmds 2016/05/16 v1.6 Avoid name clashes with e-TeX commands (HO)
Package etexcmds Info: Could not find \expanded.
(etexcmds)             That can mean that you are not using pdfTeX 1.50 or
(etexcmds)             that some package has redefined \expanded.
(etexcmds)             In the latter case, load this package earlier.
Package: kvsetkeys 2016/05/16 v1.17 Key value parser (HO)
Package: kvdefinekeys 2016/05/16 v1.4 Define keys (HO)
Package: pdftexcmds 2018/01/21 v0.26 Utility functions of pdfTeX for LuaTeX (HO
)
Package pdftexcmds Info: LuaTeX not detected.
Package pdftexcmds Info: \pdf@primitive is available.
Package pdftexcmds Info: \pdf@ifprimitive is available.
Package pdftexcmds Info: \pdfdraftmode found.
Package: pdfescape 2016/05/16 v1.14 Implements pdfTeX's escape features (HO)
Package: bigintcalc 2016/05/16 v1.4 Expandable calculations on big integers (HO
)
Package: bitset 2016/05/16 v1.2 Handle bit-vector datatype (HO)
Package: uniquecounter 2016/05/16 v1.3 Provide unlimited unique counter (HO)
)
Package hobsub Info: Skipping package `hobsub' (already loaded).
Package: letltxmacro 2016/05/16 v1.5 Let assignment for LaTeX macros (HO)
Package: hopatch 2016/05/16 v1.3 Wrapper for package hooks (HO)
Package: xcolor-patch 2016/05/16 xcolor patch
Package: atveryend 2016/05/16 v1.9 Hooks at the very end of document (HO)
Package atveryend Info: \enddocument detected (standard20110627).
Package: atbegshi 2016/06/09 v1.18 At begin shipout hook (HO)
Package: refcount 2016/05/16 v3.5 Data extraction from label references (HO)
Package: hycolor 2016/05/16 v1.8 Color options for hyperref/bookmark (HO)
)
("C:\Users\Javi\AppData\Local\Programs\MiKTeX 2.9\tex\latex\oberdiek\auxhook.st
y"
Package: auxhook 2016/05/16 v1.4 Hooks for auxiliary files (HO)
)
("C:\Users\Javi\AppData\Local\Programs\MiKTeX 2.9\tex\latex\oberdiek\kvoptions.
sty"
Package: kvoptions 2016/05/16 v3.12 Key value format for package options (HO)
)
\@linkdim=\dimen111
\Hy@linkcounter=\count91
\Hy@pagecounter=\count92

("C:\Users\Javi\AppData\Local\Programs\MiKTeX 2.9\tex\latex\hyperref\pd1enc.def
"
File: pd1enc.def 2018/02/06 v6.86b Hyperref: PDFDocEncoding definition (HO)
Now handling font encoding PD1 ...
... no UTF-8 mapping file for font encoding PD1
)
\Hy@SavedSpaceFactor=\count93

("C:\Users\Javi\AppData\Local\Programs\MiKTeX 2.9\tex\latex\00miktex\hyperref.c
fg"
File: hyperref.cfg 2002/06/06 v1.2 hyperref configuration of TeXLive
)
Package hyperref Info: Hyper figures OFF on input line 4509.
Package hyperref Info: Link nesting OFF on input line 4514.
Package hyperref Info: Hyper index ON on input line 4517.
Package hyperref Info: Plain pages OFF on input line 4524.
Package hyperref Info: Backreferencing OFF on input line 4529.
Package hyperref Info: Implicit mode ON; LaTeX internals redefined.
Package hyperref Info: Bookmarks ON on input line 4762.
\c@Hy@tempcnt=\count94
 ("C:\Users\Javi\AppData\Local\Programs\MiKTeX 2.9\tex\latex\url\url.sty"
\Urlmuskip=\muskip10
Package: url 2013/09/16  ver 3.4  Verb mode for urls, etc.
)
LaTeX Info: Redefining \url on input line 5115.
\XeTeXLinkMargin=\dimen112
\Fld@menulength=\count95
\Field@Width=\dimen113
\Fld@charsize=\dimen114
Package hyperref Info: Hyper figures OFF on input line 6369.
Package hyperref Info: Link nesting OFF on input line 6374.
Package hyperref Info: Hyper index ON on input line 6377.
Package hyperref Info: backreferencing OFF on input line 6384.
Package hyperref Info: Link coloring OFF on input line 6389.
Package hyperref Info: Link coloring with OCG OFF on input line 6394.
Package hyperref Info: PDF/A mode OFF on input line 6399.
LaTeX Info: Redefining \ref on input line 6439.
LaTeX Info: Redefining \pageref on input line 6443.
\Hy@abspage=\count96
\c@Item=\count97
\c@Hfootnote=\count98
)
Package hyperref Info: Driver (autodetected): hpdftex.

("C:\Users\Javi\AppData\Local\Programs\MiKTeX 2.9\tex\latex\hyperref\hpdftex.de
f"
File: hpdftex.def 2018/02/06 v6.86b Hyperref driver for pdfTeX
\Fld@listcount=\count99
\c@bookmark@seq@number=\count100

("C:\Users\Javi\AppData\Local\Programs\MiKTeX 2.9\tex\latex\oberdiek\rerunfilec
heck.sty"
Package: rerunfilecheck 2016/05/16 v1.8 Rerun checks for auxiliary files (HO)
Package uniquecounter Info: New unique counter `rerunfilecheck' on input line 2
82.
)
\Hy@SectionHShift=\skip43
)
("C:\Users\Javi\AppData\Local\Programs\MiKTeX 2.9\tex\latex\graphics\graphicx.s
ty"
Package: graphicx 2017/06/01 v1.1a Enhanced LaTeX Graphics (DPC,SPQR)

("C:\Users\Javi\AppData\Local\Programs\MiKTeX 2.9\tex\latex\graphics\graphics.s
ty"
Package: graphics 2017/06/25 v1.2c Standard LaTeX Graphics (DPC,SPQR)

("C:\Users\Javi\AppData\Local\Programs\MiKTeX 2.9\tex\latex\graphics\trig.sty"
Package: trig 2016/01/03 v1.10 sin cos tan (DPC)
)
("C:\Users\Javi\AppData\Local\Programs\MiKTeX 2.9\tex\latex\graphics-cfg\graphi
cs.cfg"
File: graphics.cfg 2016/06/04 v1.11 sample graphics configuration
)
Package graphics Info: Driver file: pdftex.def on input line 99.

("C:\Users\Javi\AppData\Local\Programs\MiKTeX 2.9\tex\latex\graphics-def\pdftex
.def"
File: pdftex.def 2018/01/08 v1.0l Graphics/color driver for pdftex
))
\Gin@req@height=\dimen115
\Gin@req@width=\dimen116
)
("C:\Users\Javi\AppData\Local\Programs\MiKTeX 2.9\tex\generic\babel\babel.sty"
Package: babel 2018/02/14 3.18 The Babel package

("C:\Users\Javi\AppData\Local\Programs\MiKTeX 2.9\tex\generic\babel\switch.def"
File: switch.def 2018/02/14 3.18 Babel switching mechanism
)
*************************************
* Local config file bblopts.cfg used
*
("C:\Users\Javi\AppData\Local\Programs\MiKTeX 2.9\tex\latex\arabi\bblopts.cfg"
File: bblopts.cfg 2005/09/08 v0.1 add Arabic and Farsi to "declared" options of
 babel
)
("C:\Users\Javi\AppData\Local\Programs\MiKTeX 2.9\tex\latex\babel-spanish\spani
sh.ldf"
Language: spanish.ldf 2016/03/03 v5.0p Spanish support from the babel system

("C:\Users\Javi\AppData\Local\Programs\MiKTeX 2.9\tex\generic\babel\babel.def"
File: babel.def 2018/02/14 3.18 Babel common definitions
\babel@savecnt=\count101
\U@D=\dimen117

("C:\Users\Javi\AppData\Local\Programs\MiKTeX 2.9\tex\generic\babel\txtbabel.de
f")
\bbl@dirlevel=\count102
)
\es@quottoks=\toks19
\es@quotdepth=\count103
Package babel Info: Making " an active character on input line 561.
Package babel Info: Making . an active character on input line 662.
Package babel Info: Making < an active character on input line 707.
Package babel Info: Making > an active character on input line 707.
))
("C:\Users\Javi\AppData\Local\Programs\MiKTeX 2.9\tex\latex\wrapfig\wrapfig.sty
"
\wrapoverhang=\dimen118
\WF@size=\dimen119
\c@WF@wrappedlines=\count104
\WF@box=\box26
\WF@everypar=\toks20
Package: wrapfig 2003/01/31  v 3.6
) ("C:\Users\Javi\AppData\Local\Programs\MiKTeX 2.9\tex\latex\tools\array.sty"
Package: array 2016/10/06 v2.4d Tabular extension package (FMi)
\col@sep=\dimen120
\extrarowheight=\dimen121
\NC@list=\toks21
\extratabsurround=\skip44
\backup@length=\skip45
)
("C:\Users\Javi\AppData\Local\Programs\MiKTeX 2.9\tex\latex\listings\listings.s
ty"
\lst@mode=\count105
\lst@gtempboxa=\box27
\lst@token=\toks22
\lst@length=\count106
\lst@currlwidth=\dimen122
\lst@column=\count107
\lst@pos=\count108
\lst@lostspace=\dimen123
\lst@width=\dimen124
\lst@newlines=\count109
\lst@lineno=\count110
\lst@maxwidth=\dimen125

("C:\Users\Javi\AppData\Local\Programs\MiKTeX 2.9\tex\latex\listings\lstmisc.st
y"
File: lstmisc.sty 2015/06/04 1.6 (Carsten Heinz)
\c@lstnumber=\count111
\lst@skipnumbers=\count112
\lst@framebox=\box28
)
("C:\Users\Javi\AppData\Local\Programs\MiKTeX 2.9\tex\latex\listings\listings.c
fg"
File: listings.cfg 2015/06/04 1.6 listings configuration
))
Package: listings 2015/06/04 1.6 (Carsten Heinz)

("C:\Users\Javi\AppData\Local\Programs\MiKTeX 2.9\tex\latex\xcolor\xcolor.sty"
Package: xcolor 2016/05/11 v2.12 LaTeX color extensions (UK)

("C:\Users\Javi\AppData\Local\Programs\MiKTeX 2.9\tex\latex\graphics-cfg\color.
cfg"
File: color.cfg 2016/01/02 v1.6 sample color configuration
)
Package xcolor Info: Driver file: pdftex.def on input line 225.
Package xcolor Info: Model `cmy' substituted by `cmy0' on input line 1348.
Package xcolor Info: Model `hsb' substituted by `rgb' on input line 1352.
Package xcolor Info: Model `RGB' extended on input line 1364.
Package xcolor Info: Model `HTML' substituted by `rgb' on input line 1366.
Package xcolor Info: Model `Hsb' substituted by `hsb' on input line 1367.
Package xcolor Info: Model `tHsb' substituted by `hsb' on input line 1368.
Package xcolor Info: Model `HSB' substituted by `hsb' on input line 1369.
Package xcolor Info: Model `Gray' substituted by `gray' on input line 1370.
Package xcolor Info: Model `wave' substituted by `hsb' on input line 1371.
)
("C:\Users\Javi\AppData\Local\Programs\MiKTeX 2.9\tex\latex\listings\lstlang1.s
ty"
File: lstlang1.sty 2015/06/04 1.6 listings language file
)
("C:\Users\Javi\AppData\Local\Programs\MiKTeX 2.9\tex\latex\listings\lstlang1.s
ty"
File: lstlang1.sty 2015/06/04 1.6 listings language file
)
("C:\Users\Javi\AppData\Local\Programs\MiKTeX 2.9\tex\latex\listings\lstmisc.st
y"
File: lstmisc.sty 2015/06/04 1.6 (Carsten Heinz)
) (funciones.tex) (memoria.aux
LaTeX Info: Redefining \. on input line 23.
LaTeX Info: Redefining \% on input line 23.


LaTeX Warning: Label `fig:botes' multiply defined.

)
\openout1 = `memoria.aux'.

LaTeX Font Info:    Checking defaults for OML/cmm/m/it on input line 52.
LaTeX Font Info:    ... okay on input line 52.
LaTeX Font Info:    Checking defaults for T1/cmr/m/n on input line 52.
LaTeX Font Info:    ... okay on input line 52.
LaTeX Font Info:    Checking defaults for OT1/cmr/m/n on input line 52.
LaTeX Font Info:    ... okay on input line 52.
LaTeX Font Info:    Checking defaults for OMS/cmsy/m/n on input line 52.
LaTeX Font Info:    ... okay on input line 52.
LaTeX Font Info:    Checking defaults for OMX/cmex/m/n on input line 52.
LaTeX Font Info:    ... okay on input line 52.
LaTeX Font Info:    Checking defaults for U/cmr/m/n on input line 52.
LaTeX Font Info:    ... okay on input line 52.
LaTeX Font Info:    Checking defaults for PD1/pdf/m/n on input line 52.
LaTeX Font Info:    ... okay on input line 52.
LaTeX Font Info:    Try loading font information for T1+lmr on input line 52.
 ("C:\Users\Javi\AppData\Local\Programs\MiKTeX 2.9\tex\latex\lm\t1lmr.fd"
File: t1lmr.fd 2009/10/30 v1.6 Font defs for Latin Modern
)
*geometry* driver: auto-detecting
*geometry* detected driver: pdftex
*geometry* verbose mode - [ preamble ] result:
* driver: pdftex
* paper: a4paper
* layout: <same size as paper>
* layoutoffset:(h,v)=(0.0pt,0.0pt)
* modes: twoside 
* h-part:(L,W,R)=(72.26999pt, 452.9679pt, 72.26999pt)
* v-part:(T,H,B)=(72.26999pt, 700.50687pt, 72.26999pt)
* \paperwidth=597.50787pt
* \paperheight=845.04684pt
* \textwidth=452.9679pt
* \textheight=700.50687pt
* \oddsidemargin=0.0pt
* \evensidemargin=0.0pt
* \topmargin=-31.8738pt
* \headheight=12.0pt
* \headsep=19.8738pt
* \topskip=11.0pt
* \footskip=21.68121pt
* \marginparwidth=106.0pt
* \marginparsep=7.0pt
* \columnsep=10.0pt
* \skip\footins=10.0pt plus 4.0pt minus 2.0pt
* \hoffset=0.0pt
* \voffset=0.0pt
* \mag=1000
* \@twocolumnfalse
* \@twosidetrue
* \@mparswitchtrue
* \@reversemarginfalse
* (1in=72.27pt=25.4mm, 1cm=28.453pt)

\AtBeginShipoutBox=\box29
Package hyperref Info: Link coloring OFF on input line 52.

("C:\Users\Javi\AppData\Local\Programs\MiKTeX 2.9\tex\latex\hyperref\nameref.st
y"
Package: nameref 2016/05/21 v2.44 Cross-referencing by name of section

("C:\Users\Javi\AppData\Local\Programs\MiKTeX 2.9\tex\generic\oberdiek\gettitle
string.sty"
Package: gettitlestring 2016/05/16 v1.5 Cleanup title references (HO)
)
\c@section@level=\count113
)
LaTeX Info: Redefining \ref on input line 52.
LaTeX Info: Redefining \pageref on input line 52.
LaTeX Info: Redefining \nameref on input line 52.
 (memoria.out) (memoria.out)
\@outlinefile=\write3
\openout3 = `memoria.out'.


("C:\Users\Javi\AppData\Local\Programs\MiKTeX 2.9\tex\context\base\supp-pdf.mki
i"
[Loading MPS to PDF converter (version 2006.09.02).]
\scratchcounter=\count114
\scratchdimen=\dimen126
\scratchbox=\box30
\nofMPsegments=\count115
\nofMParguments=\count116
\everyMPshowfont=\toks23
\MPscratchCnt=\count117
\MPscratchDim=\dimen127
\MPnumerator=\count118
\makeMPintoPDFobject=\count119
\everyMPtoPDFconversion=\toks24
)
("C:\Users\Javi\AppData\Local\Programs\MiKTeX 2.9\tex\latex\oberdiek\epstopdf-b
ase.sty"
Package: epstopdf-base 2016/05/15 v2.6 Base part for package epstopdf

("C:\Users\Javi\AppData\Local\Programs\MiKTeX 2.9\tex\latex\oberdiek\grfext.sty
"
Package: grfext 2016/05/16 v1.2 Manage graphics extensions (HO)
)
Package epstopdf-base Info: Redefining graphics rule for `.eps' on input line 4
38.
Package grfext Info: Graphics extension search list:
(grfext)             [.pdf,.png,.jpg,.mps,.jpeg,.jbig2,.jb2,.PDF,.PNG,.JPG,.JPE
G,.JBIG2,.JB2,.eps]
(grfext)             \AppendGraphicsExtensions on input line 456.
)
LaTeX Info: Redefining \. on input line 52.
LaTeX Info: Redefining \% on input line 52.
\c@lstlisting=\count120
LaTeX Font Info:    Try loading font information for OT1+lmr on input line 56.
 ("C:\Users\Javi\AppData\Local\Programs\MiKTeX 2.9\tex\latex\lm\ot1lmr.fd"
File: ot1lmr.fd 2009/10/30 v1.6 Font defs for Latin Modern
)
LaTeX Font Info:    Try loading font information for OML+lmm on input line 56.

("C:\Users\Javi\AppData\Local\Programs\MiKTeX 2.9\tex\latex\lm\omllmm.fd"
File: omllmm.fd 2009/10/30 v1.6 Font defs for Latin Modern
)
LaTeX Font Info:    Try loading font information for OMS+lmsy on input line 56.


("C:\Users\Javi\AppData\Local\Programs\MiKTeX 2.9\tex\latex\lm\omslmsy.fd"
File: omslmsy.fd 2009/10/30 v1.6 Font defs for Latin Modern
)
LaTeX Font Info:    Try loading font information for OMX+lmex on input line 56.


("C:\Users\Javi\AppData\Local\Programs\MiKTeX 2.9\tex\latex\lm\omxlmex.fd"
File: omxlmex.fd 2009/10/30 v1.6 Font defs for Latin Modern
)
LaTeX Font Info:    External font `lmex10' loaded for size
(Font)              <12> on input line 56.
LaTeX Font Info:    External font `lmex10' loaded for size
(Font)              <8> on input line 56.
LaTeX Font Info:    External font `lmex10' loaded for size
(Font)              <6> on input line 56.

[1



{C:/Users/Javi/AppData/Local/MiKTeX/2.9/pdftex/config/pdftex.map}] [2

]
[3] [4


] (memoria.toc
LaTeX Info: Redefining \. on input line 1.
LaTeX Info: Redefining \% on input line 1.
LaTeX Font Info:    External font `lmex10' loaded for size
(Font)              <10.95> on input line 3.
 [5])
\tf@toc=\write4
\openout4 = `memoria.toc'.

LaTeX Info: Redefining \. on input line 69.
LaTeX Info: Redefining \% on input line 69.
 [6] (capitulo_introductorio.tex
 1.
<imagenes/focal_length.jpg, id=236, 649.42625pt x 361.35pt>
File: imagenes/focal_length.jpg Graphic file (type jpg)
<use imagenes/focal_length.jpg>
Package pdftex.def Info: imagenes/focal_length.jpg  used on input line 26.
(pdftex.def)             Requested size: 317.07614pt x 176.42897pt.
[1


]
LaTeX Info: Redefining \. on input line 69.
LaTeX Info: Redefining \% on input line 69.
 [2 <./imagenes/focal_length.jpg>]
<imagenes/history_technology.jpg, id=257, 1082.0425pt x 447.6725pt>
File: imagenes/history_technology.jpg Graphic file (type jpg)
<use imagenes/history_technology.jpg>
Package pdftex.def Info: imagenes/history_technology.jpg  used on input line 81
.
(pdftex.def)             Requested size: 317.07614pt x 131.18105pt.
<imagenes/technology_population.png, id=259, 536.0025pt x 397.485pt>
File: imagenes/technology_population.png Graphic file (type png)
<use imagenes/technology_population.png>
Package pdftex.def Info: imagenes/technology_population.png  used on input line
 92.
(pdftex.def)             Requested size: 294.42636pt x 218.33842pt.
LaTeX Info: Redefining \. on input line 105.
LaTeX Info: Redefining \% on input line 105.
 [3 <./imagenes/history_technology.jpg> <./imagenes/technology_population.png>]
<imagenes/analog_signal.png, id=272, 401.5pt x 301.125pt>
File: imagenes/analog_signal.png Graphic file (type png)
<use imagenes/analog_signal.png>
Package pdftex.def Info: imagenes/analog_signal.png  used on input line 120.
(pdftex.def)             Requested size: 294.42636pt x 220.83485pt.
<imagenes/analogica_digitalizada.png, id=274, 607.26875pt x 253.94875pt>
File: imagenes/analogica_digitalizada.png Graphic file (type png)
<use imagenes/analogica_digitalizada.png>
Package pdftex.def Info: imagenes/analogica_digitalizada.png  used on input lin
e 133.
(pdftex.def)             Requested size: 294.42636pt x 123.12624pt.
LaTeX Info: Redefining \. on input line 141.
LaTeX Info: Redefining \% on input line 141.
 [4 <./imagenes/analog_signal.png>]
<imagenes/adc.png, id=285, 895.345pt x 257.96375pt>
File: imagenes/adc.png Graphic file (type png)
<use imagenes/adc.png>
Package pdftex.def Info: imagenes/adc.png  used on input line 146.
(pdftex.def)             Requested size: 294.42636pt x 84.82913pt.
<imagenes/digital_signal.png, id=286, 501.875pt x 276.03125pt>
File: imagenes/digital_signal.png Graphic file (type png)
<use imagenes/digital_signal.png>
Package pdftex.def Info: imagenes/digital_signal.png  used on input line 157.
(pdftex.def)             Requested size: 294.42636pt x 161.94304pt.
LaTeX Info: Redefining \. on input line 169.
LaTeX Info: Redefining \% on input line 169.

[5 <./imagenes/analogica_digitalizada.png> <./imagenes/adc.png> <./imagenes/dig
ital_signal.png>]
<imagenes/human_vision.png, id=297, 431.6125pt x 310.15875pt>
File: imagenes/human_vision.png Graphic file (type png)
<use imagenes/human_vision.png>
Package pdftex.def Info: imagenes/human_vision.png  used on input line 182.
(pdftex.def)             Requested size: 226.48395pt x 162.7506pt.
LaTeX Info: Redefining \. on input line 208.
LaTeX Info: Redefining \% on input line 208.
 [6 <./imagenes/human_vision.png>]
<imagenes/delaunay_mal.png, id=307, 220.825pt x 220.825pt>
File: imagenes/delaunay_mal.png Graphic file (type png)
<use imagenes/delaunay_mal.png>
Package pdftex.def Info: imagenes/delaunay_mal.png  used on input line 235.
(pdftex.def)             Requested size: 144.95303pt x 144.95984pt.
<imagenes/delaunay_bien.png, id=308, 220.825pt x 207.77625pt>
File: imagenes/delaunay_bien.png Graphic file (type png)
<use imagenes/delaunay_bien.png>
Package pdftex.def Info: imagenes/delaunay_bien.png  used on input line 239.
(pdftex.def)             Requested size: 144.95303pt x 136.39403pt.
<imagenes/delaunay_bien_10pts.png, id=309, 220.825pt x 220.825pt>
File: imagenes/delaunay_bien_10pts.png Graphic file (type png)
<use imagenes/delaunay_bien_10pts.png>
Package pdftex.def Info: imagenes/delaunay_bien_10pts.png  used on input line 2
43.
(pdftex.def)             Requested size: 144.95303pt x 144.95984pt.
LaTeX Info: Redefining \. on input line 255.
LaTeX Info: Redefining \% on input line 255.
 [7 <./imagenes/delaunay_mal.png> <./imagenes/delaunay_bien.png> <./imagenes/de
launay_bien_10pts.png>]
<imagenes/bunny_simple.png, id=324, 631.60968pt x 367.3725pt>
File: imagenes/bunny_simple.png Graphic file (type png)
<use imagenes/bunny_simple.png>
Package pdftex.def Info: imagenes/bunny_simple.png  used on input line 274.
(pdftex.def)             Requested size: 144.95303pt x 84.3089pt.
<imagenes/wolf.png, id=325, 632.3625pt x 366.61969pt>
File: imagenes/wolf.png Graphic file (type png)
<use imagenes/wolf.png>
Package pdftex.def Info: imagenes/wolf.png  used on input line 280.
(pdftex.def)             Requested size: 144.95303pt x 84.03545pt.
<imagenes/botes.png, id=326, 510.40688pt x 270.25969pt>
File: imagenes/botes.png Graphic file (type png)
<use imagenes/botes.png>
Package pdftex.def Info: imagenes/botes.png  used on input line 286.
(pdftex.def)             Requested size: 144.95303pt x 76.75262pt.
<imagenes/bunny.jpg, id=329, 602.25pt x 570.63188pt>
File: imagenes/bunny.jpg Graphic file (type jpg)
<use imagenes/bunny.jpg>
Package pdftex.def Info: imagenes/bunny.jpg  used on input line 305.
(pdftex.def)             Requested size: 203.83417pt x 193.13284pt.
<imagenes/bunny_colored.jpg, id=330, 803.0pt x 758.835pt>
File: imagenes/bunny_colored.jpg Graphic file (type jpg)
<use imagenes/bunny_colored.jpg>
Package pdftex.def Info: imagenes/bunny_colored.jpg  used on input line 309.
(pdftex.def)             Requested size: 203.83417pt x 192.62616pt.
LaTeX Info: Redefining \. on input line 318.
LaTeX Info: Redefining \% on input line 318.

[8 <./imagenes/bunny_simple.png> <./imagenes/wolf.png> <./imagenes/botes.png>]
<imagenes/dragon.jpg, id=345, 921.4425pt x 602.25pt>
File: imagenes/dragon.jpg Graphic file (type jpg)
<use imagenes/dragon.jpg>
Package pdftex.def Info: imagenes/dragon.jpg  used on input line 321.
(pdftex.def)             Requested size: 276.43488pt x 180.67639pt.
<imagenes/angel_lucy.jpg, id=346, 599.23875pt x 911.405pt>
File: imagenes/angel_lucy.jpg Graphic file (type jpg)
<use imagenes/angel_lucy.jpg>
Package pdftex.def Info: imagenes/angel_lucy.jpg  used on input line 332.
(pdftex.def)             Requested size: 161.79662pt x 246.08264pt.
LaTeX Info: Redefining \. on input line 338.
LaTeX Info: Redefining \% on input line 338.

[9 <./imagenes/bunny.jpg> <./imagenes/bunny_colored.jpg> <./imagenes/dragon.jpg
>]
<imagenes/wue_city2.png, id=354, 1927.2pt x 1084.05pt>
File: imagenes/wue_city2.png Graphic file (type png)
<use imagenes/wue_city2.png>
Package pdftex.def Info: imagenes/wue_city2.png  used on input line 346.
(pdftex.def)             Requested size: 327.61967pt x 184.28606pt.
<imagenes/joinedmodel.jpg, id=355, 1445.4pt x 1156.32pt>
File: imagenes/joinedmodel.jpg Graphic file (type jpg)
<use imagenes/joinedmodel.jpg>
Package pdftex.def Info: imagenes/joinedmodel.jpg  used on input line 354.
(pdftex.def)             Requested size: 245.71475pt x 196.5718pt.
LaTeX Info: Redefining \. on input line 367.
LaTeX Info: Redefining \% on input line 367.
 [10 <./imagenes/angel_lucy.jpg>]
LaTeX Info: Redefining \. on input line 367.
LaTeX Info: Redefining \% on input line 367.
 [11 <./imagenes/wue_city2.png (PNG copy)> <./imagenes/joinedmodel.jpg>]
<imagenes/lidar_explanation.png, id=366, 526.96875pt x 183.68625pt>
File: imagenes/lidar_explanation.png Graphic file (type png)
<use imagenes/lidar_explanation.png>
Package pdftex.def Info: imagenes/lidar_explanation.png  used on input line 384
.
(pdftex.def)             Requested size: 271.7835pt x 94.741pt.
LaTeX Info: Redefining \. on input line 402.
LaTeX Info: Redefining \% on input line 402.
 [12 <./imagenes/lidar_explanation.png (PNG copy)>]
<imagenes/sensor_laser_espejo.png, id=375, 322.20375pt x 243.15843pt>
File: imagenes/sensor_laser_espejo.png Graphic file (type png)
<use imagenes/sensor_laser_espejo.png>
Package pdftex.def Info: imagenes/sensor_laser_espejo.png  used on input line 4
13.
(pdftex.def)             Requested size: 144.95303pt x 109.3943pt.
<imagenes/sensor_laser_vista_tope.png, id=376, 322.20375pt x 232.61906pt>
File: imagenes/sensor_laser_vista_tope.png Graphic file (type png)
<use imagenes/sensor_laser_vista_tope.png>
Package pdftex.def Info: imagenes/sensor_laser_vista_tope.png  used on input li
ne 417.
(pdftex.def)             Requested size: 144.95303pt x 104.65276pt.

Underfull \hbox (badness 1158) in paragraph at lines 418--418
\T1/lmr/m/n/10.95 sen-sor y las su-per-fi-cies que
 []

<imagenes/sensor_laser_resultado.png, id=377, 322.20375pt x 220.57407pt>
File: imagenes/sensor_laser_resultado.png Graphic file (type png)
<use imagenes/sensor_laser_resultado.png>
Package pdftex.def Info: imagenes/sensor_laser_resultado.png  used on input lin
e 421.
(pdftex.def)             Requested size: 144.95303pt x 99.23384pt.
<imagenes/sensor_dos_espejos.png, id=378, 269.005pt x 192.72pt>
File: imagenes/sensor_dos_espejos.png Graphic file (type png)
<use imagenes/sensor_dos_espejos.png>
Package pdftex.def Info: imagenes/sensor_dos_espejos.png  used on input line 43
0.
(pdftex.def)             Requested size: 203.83417pt x 146.03055pt.
<imagenes/movimiento_lidar_2D.png, id=379, 478.78876pt x 369.38pt>
File: imagenes/movimiento_lidar_2D.png Graphic file (type png)
<use imagenes/movimiento_lidar_2D.png>
Package pdftex.def Info: imagenes/movimiento_lidar_2D.png  used on input line 4
34.
(pdftex.def)             Requested size: 203.83417pt x 157.25777pt.
LaTeX Info: Redefining \. on input line 451.
LaTeX Info: Redefining \% on input line 451.
[13 <./imagenes/sensor_laser_espejo.png> <./imagenes/sensor_laser_vista_tope.pn
g> <./imagenes/sensor_laser_resultado.png>]
LaTeX Info: Redefining \. on input line 474.
LaTeX Info: Redefining \% on input line 474.
 [14 <./imagenes/sensor_dos_espejos.png> <./imagenes/movimiento_lidar_2D.png (P
NG copy)>]
<imagenes/airborne_lidar.png, id=402, 202.50656pt x 191.21437pt>
File: imagenes/airborne_lidar.png Graphic file (type png)
<use imagenes/airborne_lidar.png>
Package pdftex.def Info: imagenes/airborne_lidar.png  used on input line 478.
(pdftex.def)             Requested size: 203.83417pt x 192.47142pt.
<imagenes/airborne_city.png, id=403, 298.11375pt x 198.7425pt>
File: imagenes/airborne_city.png Graphic file (type png)
<use imagenes/airborne_city.png>
Package pdftex.def Info: imagenes/airborne_city.png  used on input line 482.
(pdftex.def)             Requested size: 203.83417pt x 135.88911pt.
LaTeX Info: Redefining \. on input line 519.
LaTeX Info: Redefining \% on input line 519.
 [15 <./imagenes/airborne_lidar.png> <./imagenes/airborne_city.png>]
<imagenes/pcl_logo.png, id=413, 803.0pt x 302.12875pt>
File: imagenes/pcl_logo.png Graphic file (type png)
<use imagenes/pcl_logo.png>
Package pdftex.def Info: imagenes/pcl_logo.png  used on input line 531.
(pdftex.def)             Requested size: 203.83417pt x 76.69374pt.
LaTeX Font Info:    Try loading font information for OMS+lmr on input line 576.


("C:\Users\Javi\AppData\Local\Programs\MiKTeX 2.9\tex\latex\lm\omslmr.fd"
File: omslmr.fd 2009/10/30 v1.6 Font defs for Latin Modern
)
LaTeX Font Info:    Font shape `OMS/lmr/m/n' in size <10.95> not available
(Font)              Font shape `OMS/lmsy/m/n' tried instead on input line 576.
)
(capitulo2_pcl-objetivos-herramientas.tex
LaTeX Info: Redefining \. on input line 1.
LaTeX Info: Redefining \% on input line 1.
 [16 <./imagenes/pcl_logo.png>]
LaTeX Info: Redefining \. on input line 1.
LaTeX Info: Redefining \% on input line 1.

[17]
LaTeX Info: Redefining \. on input line 1.
LaTeX Info: Redefining \% on input line 1.
 [18

]
 2.
[19]
LaTeX Info: Redefining \. on input line 74.
LaTeX Info: Redefining \% on input line 74.

Overfull \hbox (88.8913pt too wide) has occurred while \output is active
\T1/lmr/m/n/10.95 20  \T1/lmr/m/sl/10.95 2.  CAPACIDADES DE PCL: OBJETIVOS DEL 
PRESENTE TRABAJO Y HERRAMIENTAS NECESARIAS
 []

[20]
<imagenes/registration_bunny.png, id=444, 2569.6pt x 835.12pt>
File: imagenes/registration_bunny.png Graphic file (type png)
<use imagenes/registration_bunny.png>
Package pdftex.def Info: imagenes/registration_bunny.png  used on input line 11
7.
(pdftex.def)             Requested size: 385.42337pt x 125.26259pt.
<imagenes/registration_flow.jpg, id=446, 903.375pt x 769.87625pt>
File: imagenes/registration_flow.jpg Graphic file (type jpg)
<use imagenes/registration_flow.jpg>
Package pdftex.def Info: imagenes/registration_flow.jpg  used on input line 125
.
(pdftex.def)             Requested size: 451.6864pt x 384.93718pt.
LaTeX Info: Redefining \. on input line 131.
LaTeX Info: Redefining \% on input line 131.
 [21]
LaTeX Info: Redefining \. on input line 131.
LaTeX Info: Redefining \% on input line 131.

Overfull \hbox (88.8913pt too wide) has occurred while \output is active
\T1/lmr/m/n/10.95 22  \T1/lmr/m/sl/10.95 2.  CAPACIDADES DE PCL: OBJETIVOS DEL 
PRESENTE TRABAJO Y HERRAMIENTAS NECESARIAS
 []

[22 <./imagenes/registration_bunny.png> <./imagenes/registration_flow.jpg>]
<imagenes/corner_detection.png, id=483, 447.92343pt x 389.20406pt>
File: imagenes/corner_detection.png Graphic file (type png)
<use imagenes/corner_detection.png>
Package pdftex.def Info: imagenes/corner_detection.png  used on input line 148.

(pdftex.def)             Requested size: 223.96117pt x 194.60155pt.
LaTeX Info: Redefining \. on input line 162.
LaTeX Info: Redefining \% on input line 162.

[23 <./imagenes/corner_detection.png>]
LaTeX Info: Redefining \. on input line 209.
LaTeX Info: Redefining \% on input line 209.

Overfull \hbox (88.8913pt too wide) has occurred while \output is active
\T1/lmr/m/n/10.95 24  \T1/lmr/m/sl/10.95 2.  CAPACIDADES DE PCL: OBJETIVOS DEL 
PRESENTE TRABAJO Y HERRAMIENTAS NECESARIAS
 []

[24]
<imagenes/metodos_criba.png, id=496, 487.8225pt x 414.79968pt>
File: imagenes/metodos_criba.png Graphic file (type png)
<use imagenes/metodos_criba.png>
Package pdftex.def Info: imagenes/metodos_criba.png  used on input line 219.
(pdftex.def)             Requested size: 243.91064pt x 207.39934pt.
LaTeX Info: Redefining \. on input line 238.
LaTeX Info: Redefining \% on input line 238.
 [25 <./imagenes/metodos_criba.png>]
<imagenes/tipos_errores.png, id=505, 478.78876pt x 172.39406pt>
File: imagenes/tipos_errores.png Graphic file (type png)
<use imagenes/tipos_errores.png>
Package pdftex.def Info: imagenes/tipos_errores.png  used on input line 250.
(pdftex.def)             Requested size: 239.39378pt x 86.19681pt.
LaTeX Info: Redefining \. on input line 280.
LaTeX Info: Redefining \% on input line 280.

Overfull \hbox (88.8913pt too wide) has occurred while \output is active
\T1/lmr/m/n/10.95 26  \T1/lmr/m/sl/10.95 2.  CAPACIDADES DE PCL: OBJETIVOS DEL 
PRESENTE TRABAJO Y HERRAMIENTAS NECESARIAS
 []

[26 <./imagenes/tipos_errores.png>]
<imagenes/metodos_convergencia.png, id=515, 487.06969pt x 461.47406pt>
File: imagenes/metodos_convergencia.png Graphic file (type png)
<use imagenes/metodos_convergencia.png>
Package pdftex.def Info: imagenes/metodos_convergencia.png  used on input line 
290.
(pdftex.def)             Requested size: 243.53424pt x 230.73645pt.
LaTeX Info: Redefining \. on input line 306.
LaTeX Info: Redefining \% on input line 306.
 [27 <./imagenes/metodos_convergencia.png>]
LaTeX Font Info:    Try loading font information for T1+lmtt on input line 330.


("C:\Users\Javi\AppData\Local\Programs\MiKTeX 2.9\tex\latex\lm\t1lmtt.fd"
File: t1lmtt.fd 2009/10/30 v1.6 Font defs for Latin Modern
)
LaTeX Info: Redefining \. on input line 337.
LaTeX Info: Redefining \% on input line 337.

Overfull \hbox (88.8913pt too wide) has occurred while \output is active
\T1/lmr/m/n/10.95 28  \T1/lmr/m/sl/10.95 2.  CAPACIDADES DE PCL: OBJETIVOS DEL 
PRESENTE TRABAJO Y HERRAMIENTAS NECESARIAS
 []

[28]
<imagenes/instalacion_xilinx_web.png, id=530, 710.655pt x 630.85687pt>
File: imagenes/instalacion_xilinx_web.png Graphic file (type png)
<use imagenes/instalacion_xilinx_web.png>
Package pdftex.def Info: imagenes/instalacion_xilinx_web.png  used on input lin
e 355.
(pdftex.def)             Requested size: 362.37569pt x 321.69424pt.
LaTeX Info: Redefining \. on input line 366.
LaTeX Info: Redefining \% on input line 366.

Overfull \hbox (126.30252pt too wide) has occurred while \output is active
\T1/lmr/m/sl/10.95 2.4.  DESCRIPCIN E INSTALACIN DE HERRAMIENTAS NECESARIAS P
ARA DESARROLLAR EL TRABAJO \T1/lmr/m/n/10.95 29
 []

[29 <./imagenes/instalacion_xilinx_web.png>])
(capitulo3_visualizacion-extraccionSIFT.tex
LaTeX Info: Redefining \. on input line 1.
LaTeX Info: Redefining \% on input line 1.

Overfull \hbox (88.8913pt too wide) has occurred while \output is active
\T1/lmr/m/n/10.95 30  \T1/lmr/m/sl/10.95 2.  CAPACIDADES DE PCL: OBJETIVOS DEL 
PRESENTE TRABAJO Y HERRAMIENTAS NECESARIAS
 []

[30]
 3.

Overfull \hbox (40.60614pt too wide) in paragraph at lines 24--25
[][][][][][][][][][][][][][][][][][] 
 []

[31

]
LaTeX Info: Redefining \. on input line 72.
LaTeX Info: Redefining \% on input line 72.

Overfull \hbox (135.04701pt too wide) has occurred while \output is active
\T1/lmr/m/n/10.95 32  \T1/lmr/m/sl/10.95 3.  REPRODUCCIN DE ALGORITMOS DE PCL:
 VISUALIZACIN DE NUBES Y EXTRACCIN DE KEYPOINTS
 []

[32]
<imagenes/visualization_all_diagram.png, id=562, 683.55376pt x 1106.1325pt>
File: imagenes/visualization_all_diagram.png Graphic file (type png)
<use imagenes/visualization_all_diagram.png>
Package pdftex.def Info: imagenes/visualization_all_diagram.png  used on input 
line 75.
(pdftex.def)             Requested size: 341.77605pt x 553.0649pt.

Underfull \hbox (badness 10000) in paragraph at lines 88--89

 []

LaTeX Font Info:    Font shape `OMS/lmr/m/n' in size <9> not available
(Font)              Font shape `OMS/lmsy/m/n' tried instead on input line 106.
LaTeX Info: Redefining \. on input line 124.
LaTeX Info: Redefining \% on input line 124.
[33]
LaTeX Info: Redefining \. on input line 124.
LaTeX Info: Redefining \% on input line 124.

Overfull \hbox (135.04701pt too wide) has occurred while \output is active
\T1/lmr/m/n/10.95 34  \T1/lmr/m/sl/10.95 3.  REPRODUCCIN DE ALGORITMOS DE PCL:
 VISUALIZACIN DE NUBES Y EXTRACCIN DE KEYPOINTS
 []

[34 <./imagenes/visualization_all_diagram.png>]
LaTeX Font Info:    External font `lmex10' loaded for size
(Font)              <9> on input line 140.
LaTeX Font Info:    External font `lmex10' loaded for size
(Font)              <5> on input line 140.

Overfull \hbox (22.42285pt too wide) in paragraph at lines 169--170
[]\T1/lmr/m/n/10.95 Si se ha in-tro-du-ci-do una nu-be co-mo ar-gu-men-to se as
ig-na al vi-sua-li-za-dor la fun-cin $\OML/lmm/m/it/10.95 viewerOneOff$
 []

LaTeX Info: Redefining \. on input line 181.
LaTeX Info: Redefining \% on input line 181.
[35]
<imagenes/main_HL_diagram.png, id=640, 850.17625pt x 1558.82375pt>
File: imagenes/main_HL_diagram.png Graphic file (type png)
<use imagenes/main_HL_diagram.png>
Package pdftex.def Info: imagenes/main_HL_diagram.png  used on input line 209.
(pdftex.def)             Requested size: 382.57578pt x 701.46422pt.


LaTeX Warning: Float too large for page by 26.6865pt on input line 211.


Overfull \hbox (56.87497pt too wide) detected at line 217
\OML/lmm/m/it/10.95 sudo  :=sift[]keypoints   \OMS/lmsy/m/n/10.95   \OML/lmm/m/
it/10.95 parametro\OT1/lmr/m/n/10.95 1  \OML/lmm/m/it/10.95 valor\OT1/lmr/m/n/1
0.95 1   \OMS/lmsy/m/n/10.95   \OML/lmm/m/it/10.95 parametro\OT1/lmr/m/n/10.95 
2  \OML/lmm/m/it/10.95 valor\OT1/lmr/m/n/10.95 2  \OML/lmm/m/it/10.95 :::   \OM
S/lmsy/m/n/10.95   \OML/lmm/m/it/10.95 parametroN  valorN  nube:pcd
 []

LaTeX Info: Redefining \. on input line 233.
LaTeX Info: Redefining \% on input line 233.

Overfull \hbox (135.04701pt too wide) has occurred while \output is active
\T1/lmr/m/n/10.95 36  \T1/lmr/m/sl/10.95 3.  REPRODUCCIN DE ALGORITMOS DE PCL:
 VISUALIZACIN DE NUBES Y EXTRACCIN DE KEYPOINTS
 []

[36]
LaTeX Info: Redefining \. on input line 233.
LaTeX Info: Redefining \% on input line 233.
 [37 <./imagenes/main_HL_diagram.png>]
LaTeX Info: Redefining \. on input line 289.
LaTeX Info: Redefining \% on input line 289.

Overfull \hbox (135.04701pt too wide) has occurred while \output is active
\T1/lmr/m/n/10.95 38  \T1/lmr/m/sl/10.95 3.  REPRODUCCIN DE ALGORITMOS DE PCL:
 VISUALIZACIN DE NUBES Y EXTRACCIN DE KEYPOINTS
 []

[38]
LaTeX Info: Redefining \. on input line 348.
LaTeX Info: Redefining \% on input line 348.
 [39]
Overfull \hbox (45.9225pt too wide) in paragraph at lines 391--392
[]\T1/lmr/m/n/10.95 Si la nu-be $\OML/lmm/m/it/10.95 cloud[]normals$ \T1/lmr/m/
n/10.95 no es-t va-ca, se guar-da en for-ma-to PCD ba-jo el nom-bre $\OML/lmm
/m/it/10.95 cloud[]normals:pcd$ 
 []

LaTeX Info: Redefining \. on input line 399.
LaTeX Info: Redefining \% on input line 399.

Overfull \hbox (135.04701pt too wide) has occurred while \output is active
\T1/lmr/m/n/10.95 40  \T1/lmr/m/sl/10.95 3.  REPRODUCCIN DE ALGORITMOS DE PCL:
 VISUALIZACIN DE NUBES Y EXTRACCIN DE KEYPOINTS
 []

[40]
<imagenes/filtro_gauss.png, id=822, 1199.98312pt x 613.54219pt>
File: imagenes/filtro_gauss.png Graphic file (type png)
<use imagenes/filtro_gauss.png>
Package pdftex.def Info: imagenes/filtro_gauss.png  used on input line 433.
(pdftex.def)             Requested size: 503.98949pt x 257.68596pt.

Overfull \hbox (51.02159pt too wide) in paragraph at lines 433--434
 [][] 
 []

LaTeX Info: Redefining \. on input line 445.
LaTeX Info: Redefining \% on input line 445.
[41]
LaTeX Info: Redefining \. on input line 466.
LaTeX Info: Redefining \% on input line 466.

Overfull \hbox (135.04701pt too wide) has occurred while \output is active
\T1/lmr/m/n/10.95 42  \T1/lmr/m/sl/10.95 3.  REPRODUCCIN DE ALGORITMOS DE PCL:
 VISUALIZACIN DE NUBES Y EXTRACCIN DE KEYPOINTS
 []

[42 <./imagenes/filtro_gauss.png>]
LaTeX Info: Redefining \. on input line 522.
LaTeX Info: Redefining \% on input line 522.
 [43]
Underfull \hbox (badness 10000) in paragraph at lines 533--535

 []


Underfull \hbox (badness 10000) in paragraph at lines 549--551

 []


Underfull \hbox (badness 10000) in paragraph at lines 567--569

 []

LaTeX Info: Redefining \. on input line 581.
LaTeX Info: Redefining \% on input line 581.

Overfull \hbox (135.04701pt too wide) has occurred while \output is active
\T1/lmr/m/n/10.95 44  \T1/lmr/m/sl/10.95 3.  REPRODUCCIN DE ALGORITMOS DE PCL:
 VISUALIZACIN DE NUBES Y EXTRACCIN DE KEYPOINTS
 []

[44]
<imagenes/bunny_ejemplo.png, id=947, 632.3625pt x 369.63094pt>
File: imagenes/bunny_ejemplo.png Graphic file (type png)
<use imagenes/bunny_ejemplo.png>
Package pdftex.def Info: imagenes/bunny_ejemplo.png  used on input line 596.
(pdftex.def)             Requested size: 144.95303pt x 84.72568pt.
<imagenes/cturtle_ejemplo.png, id=948, 631.60968pt x 368.1253pt>
File: imagenes/cturtle_ejemplo.png Graphic file (type png)
<use imagenes/cturtle_ejemplo.png>
Package pdftex.def Info: imagenes/cturtle_ejemplo.png  used on input line 600.
(pdftex.def)             Requested size: 144.95303pt x 84.48167pt.
File: imagenes/botes.png Graphic file (type png)
<use imagenes/botes.png>
Package pdftex.def Info: imagenes/botes.png  used on input line 604.
(pdftex.def)             Requested size: 149.48022pt x 79.14857pt.

Underfull \hbox (badness 10000) in paragraph at lines 605--605
[]\T1/lmr/m/n/10.95 Figura 3.6: []Visualizacin
 []


Underfull \hbox (badness 10000) in paragraph at lines 605--605
\T1/lmr/m/n/10.95 de la nu-be
 []


Overfull \hbox (32.78006pt too wide) in paragraph at lines 605--605
\OML/lmm/m/it/10.95 milk[]cartoon[]all[]small[]clorox:pcd$ 
 []


Overfull \hbox (72.1906pt too wide) in paragraph at lines 615--617
[]\T1/lmr/m/n/10.95 Se han uti-li-za-do el va-lor de los pa-r-me-tros por de-f
ec-to en $\OML/lmm/m/it/10.95 bunny:pcd$ \T1/lmr/m/n/10.95 y $\OML/lmm/m/it/10.
95 milk[]cartoon[]all[]small[]clorox:pcd$
 []

LaTeX Info: Redefining \. on input line 632.
LaTeX Info: Redefining \% on input line 632.
[45 <./imagenes/bunny_ejemplo.png> <./imagenes/cturtle_ejemplo.png>]
<imagenes/bunny_ejemplo_sift.png, id=972, 632.3625pt x 369.63094pt>
File: imagenes/bunny_ejemplo_sift.png Graphic file (type png)
<use imagenes/bunny_ejemplo_sift.png>
Package pdftex.def Info: imagenes/bunny_ejemplo_sift.png  used on input line 67
3.
(pdftex.def)             Requested size: 144.95303pt x 84.72568pt.

Underfull \hbox (badness 1881) in paragraph at lines 674--674
\T1/lmr/m/n/10.95 la nu-be $\OML/lmm/m/it/10.95 bunny:pcd$ \T1/lmr/m/n/10.95 ju
n-to a
 []

<imagenes/cturtle_ejemplo_sift.png, id=973, 630.85687pt x 370.38374pt>
File: imagenes/cturtle_ejemplo_sift.png Graphic file (type png)
<use imagenes/cturtle_ejemplo_sift.png>
Package pdftex.def Info: imagenes/cturtle_ejemplo_sift.png  used on input line 
677.
(pdftex.def)             Requested size: 144.95303pt x 85.10168pt.

Underfull \hbox (badness 1168) in paragraph at lines 678--678
\T1/lmr/m/n/10.95 la nu-be $\OML/lmm/m/it/10.95 cturtle:pcd$ \T1/lmr/m/n/10.95 
jun-to a
 []

<imagenes/botes_ejemplo_sift.png, id=974, 632.3625pt x 370.38374pt>
File: imagenes/botes_ejemplo_sift.png Graphic file (type png)
<use imagenes/botes_ejemplo_sift.png>
Package pdftex.def Info: imagenes/botes_ejemplo_sift.png  used on input line 68
1.
(pdftex.def)             Requested size: 149.48022pt x 87.54883pt.

Underfull \hbox (badness 10000) in paragraph at lines 682--682
[]\T1/lmr/m/n/10.95 Figura 3.9: []Visualizacin
 []


Underfull \hbox (badness 10000) in paragraph at lines 682--682
\T1/lmr/m/n/10.95 de la nu-be
 []


Overfull \hbox (32.78006pt too wide) in paragraph at lines 682--682
\OML/lmm/m/it/10.95 milk[]cartoon[]all[]small[]clorox:pcd$
 []

) (capitulo4_medicion_tiempos.tex
LaTeX Info: Redefining \. on input line 1.
LaTeX Info: Redefining \% on input line 1.

Overfull \hbox (135.04701pt too wide) has occurred while \output is active
\T1/lmr/m/n/10.95 46  \T1/lmr/m/sl/10.95 3.  REPRODUCCIN DE ALGORITMOS DE PCL:
 VISUALIZACIN DE NUBES Y EXTRACCIN DE KEYPOINTS
 []

[46]
LaTeX Info: Redefining \. on input line 1.
LaTeX Info: Redefining \% on input line 1.
 [47 <./imagenes/bunny_ejemplo_sift.png> <./imagenes/cturtle_ejemplo_sift.png> 
<./imagenes/botes_ejemplo_sift.png>]
LaTeX Info: Redefining \. on input line 1.
LaTeX Info: Redefining \% on input line 1.

Overfull \hbox (135.04701pt too wide) has occurred while \output is active
\T1/lmr/m/n/10.95 48  \T1/lmr/m/sl/10.95 3.  REPRODUCCIN DE ALGORITMOS DE PCL:
 VISUALIZACIN DE NUBES Y EXTRACCIN DE KEYPOINTS
 []

[48

]
 4.
[49]
Overfull \hbox (28.06964pt too wide) in paragraph at lines 41--42
[]\T1/lmr/m/n/10.95 Una vez vis-to c-mo se mi-de el tiem-po de eje-cu-cin de 
cual-quier par-te del pro-gra-ma $\OML/lmm/m/it/10.95 sift[]keypoints$\T1/lmr/m
/n/10.95 ,
 []

LaTeX Info: Redefining \. on input line 83.
LaTeX Info: Redefining \% on input line 83.
[50]
<imagenes/grafico_radius_bunny.png, id=1087, 426.84468pt x 249.18094pt>
File: imagenes/grafico_radius_bunny.png Graphic file (type png)
<use imagenes/grafico_radius_bunny.png>
Package pdftex.def Info: imagenes/grafico_radius_bunny.png  used on input line 
111.
(pdftex.def)             Requested size: 426.84364pt x 249.18031pt.

Underfull \vbox (badness 5637) has occurred while \output is active []

LaTeX Info: Redefining \. on input line 113.
LaTeX Info: Redefining \% on input line 113.
 [51]
<imagenes/grafico_radius_cturtle.png, id=1104, 426.84468pt x 248.42813pt>
File: imagenes/grafico_radius_cturtle.png Graphic file (type png)
<use imagenes/grafico_radius_cturtle.png>
Package pdftex.def Info: imagenes/grafico_radius_cturtle.png  used on input lin
e 117.
(pdftex.def)             Requested size: 426.84364pt x 248.42752pt.
<imagenes/grafico_radius_milk.png, id=1105, 426.09187pt x 248.42813pt>
File: imagenes/grafico_radius_milk.png Graphic file (type png)
<use imagenes/grafico_radius_milk.png>
Package pdftex.def Info: imagenes/grafico_radius_milk.png  used on input line 1
24.
(pdftex.def)             Requested size: 426.09082pt x 248.42752pt.

Underfull \hbox (badness 10000) in paragraph at lines 125--125
[]\T1/lmr/m/n/10.95 Figura 4.3: []Tiempos de es-ti-ma-cin de nor-ma-les y pun-
tos SIFT en
 []


LaTeX Warning: `!h' float specifier changed to `!ht'.

<imagenes/grafico_min_scale_bunny.png, id=1106, 426.09187pt x 247.67531pt>
File: imagenes/grafico_min_scale_bunny.png Graphic file (type png)
<use imagenes/grafico_min_scale_bunny.png>
Package pdftex.def Info: imagenes/grafico_min_scale_bunny.png  used on input li
ne 131.
(pdftex.def)             Requested size: 426.09082pt x 247.6747pt.

LaTeX Warning: `!h' float specifier changed to `!ht'.

<imagenes/grafico_min_scale_cturtle.png, id=1107, 427.5975pt x 249.93375pt>
File: imagenes/grafico_min_scale_cturtle.png Graphic file (type png)
<use imagenes/grafico_min_scale_cturtle.png>
Package pdftex.def Info: imagenes/grafico_min_scale_cturtle.png  used on input 
line 137.
(pdftex.def)             Requested size: 427.59645pt x 249.93314pt.

LaTeX Warning: `!h' float specifier changed to `!ht'.

<imagenes/grafico_min_scale_milk.png, id=1108, 426.09187pt x 248.42813pt>
File: imagenes/grafico_min_scale_milk.png Graphic file (type png)
<use imagenes/grafico_min_scale_milk.png>
Package pdftex.def Info: imagenes/grafico_min_scale_milk.png  used on input lin
e 144.
(pdftex.def)             Requested size: 426.09082pt x 248.42752pt.

Underfull \hbox (badness 10000) in paragraph at lines 145--145
[]\T1/lmr/m/n/10.95 Figura 4.6: []Tiempos de es-ti-ma-cin de nor-ma-les y pun-
tos SIFT en
 []


LaTeX Warning: `!h' float specifier changed to `!ht'.

<imagenes/grafico_n_octaves_bunny.png, id=1109, 427.5975pt x 249.93375pt>
File: imagenes/grafico_n_octaves_bunny.png Graphic file (type png)
<use imagenes/grafico_n_octaves_bunny.png>
Package pdftex.def Info: imagenes/grafico_n_octaves_bunny.png  used on input li
ne 151.
(pdftex.def)             Requested size: 427.59645pt x 249.93314pt.

LaTeX Warning: `!h' float specifier changed to `!ht'.

<imagenes/grafico_n_octaves_cturtle.png, id=1110, 427.5975pt x 249.93375pt>
File: imagenes/grafico_n_octaves_cturtle.png Graphic file (type png)
<use imagenes/grafico_n_octaves_cturtle.png>
Package pdftex.def Info: imagenes/grafico_n_octaves_cturtle.png  used on input 
line 157.
(pdftex.def)             Requested size: 427.59645pt x 249.93314pt.

LaTeX Warning: `!h' float specifier changed to `!ht'.

<imagenes/grafico_n_octaves_milk.png, id=1111, 427.5975pt x 249.93375pt>
File: imagenes/grafico_n_octaves_milk.png Graphic file (type png)
<use imagenes/grafico_n_octaves_milk.png>
Package pdftex.def Info: imagenes/grafico_n_octaves_milk.png  used on input lin
e 163.
(pdftex.def)             Requested size: 427.59645pt x 249.93314pt.

Underfull \hbox (badness 10000) in paragraph at lines 164--164
[]\T1/lmr/m/n/10.95 Figura 4.9: []Tiempos de es-ti-ma-cin de nor-ma-les y pun-
tos SIFT en
 []


LaTeX Warning: `!h' float specifier changed to `!ht'.

<imagenes/grafico_n_scales_bunny.png, id=1112, 427.5975pt x 249.18094pt>
File: imagenes/grafico_n_scales_bunny.png Graphic file (type png)
<use imagenes/grafico_n_scales_bunny.png>
Package pdftex.def Info: imagenes/grafico_n_scales_bunny.png  used on input lin
e 170.
(pdftex.def)             Requested size: 427.59645pt x 249.18031pt.

LaTeX Warning: `!h' float specifier changed to `!ht'.

<imagenes/grafico_n_scales_cturtle.png, id=1113, 426.09187pt x 249.93375pt>
File: imagenes/grafico_n_scales_cturtle.png Graphic file (type png)
<use imagenes/grafico_n_scales_cturtle.png>
Package pdftex.def Info: imagenes/grafico_n_scales_cturtle.png  used on input l
ine 176.
(pdftex.def)             Requested size: 426.09082pt x 249.93314pt.

LaTeX Warning: `!h' float specifier changed to `!ht'.

<imagenes/grafico_n_scales_milk.png, id=1114, 427.5975pt x 249.18094pt>
File: imagenes/grafico_n_scales_milk.png Graphic file (type png)
<use imagenes/grafico_n_scales_milk.png>
Package pdftex.def Info: imagenes/grafico_n_scales_milk.png  used on input line
 183.
(pdftex.def)             Requested size: 427.59645pt x 249.18031pt.

Underfull \hbox (badness 10000) in paragraph at lines 184--184
[]\T1/lmr/m/n/10.95 Figura 4.12: []Tiempos de es-ti-ma-cin de nor-ma-les y pun
-tos SIFT en
 []


LaTeX Warning: `!h' float specifier changed to `!ht'.


Underfull \vbox (badness 10000) has occurred while \output is active []

LaTeX Info: Redefining \. on input line 191.
LaTeX Info: Redefining \% on input line 191.
 [52 <./imagenes/grafico_radius_bunny.png> <./imagenes/grafico_radius_cturtle.p
ng>]
Underfull \vbox (badness 2828) has occurred while \output is active []

LaTeX Info: Redefining \. on input line 194.
LaTeX Info: Redefining \% on input line 194.
 [53 <./imagenes/grafico_radius_milk.png> <./imagenes/grafico_min_scale_bunny.p
ng>])
(capitulo5_extraccionNormales.tex
LaTeX Info: Redefining \. on input line 1.
LaTeX Info: Redefining \% on input line 1.
 [54 <./imagenes/grafico_min_scale_cturtle.png> <./imagenes/grafico_min_scale_m
ilk.png>]
LaTeX Info: Redefining \. on input line 1.
LaTeX Info: Redefining \% on input line 1.
 [55 <./imagenes/grafico_n_octaves_bunny.png> <./imagenes/grafico_n_octaves_ctu
rtle.png>]
LaTeX Info: Redefining \. on input line 1.
LaTeX Info: Redefining \% on input line 1.
 [56 <./imagenes/grafico_n_octaves_milk.png> <./imagenes/grafico_n_scales_bunny
.png>]
LaTeX Info: Redefining \. on input line 1.
LaTeX Info: Redefining \% on input line 1.
 [57 <./imagenes/grafico_n_scales_cturtle.png> <./imagenes/grafico_n_scales_mil
k.png>]
LaTeX Info: Redefining \. on input line 1.
LaTeX Info: Redefining \% on input line 1.
 [58

]
 5.
[59]
<imagenes/normales_mal.png, id=1163, 214.55156pt x 149.8097pt>
File: imagenes/normales_mal.png Graphic file (type png)
<use imagenes/normales_mal.png>
Package pdftex.def Info: imagenes/normales_mal.png  used on input line 60.
(pdftex.def)             Requested size: 217.42265pt x 151.81633pt.
<imagenes/normales_bien.png, id=1164, 214.55156pt x 149.8097pt>
File: imagenes/normales_bien.png Graphic file (type png)
<use imagenes/normales_bien.png>
Package pdftex.def Info: imagenes/normales_bien.png  used on input line 64.
(pdftex.def)             Requested size: 217.42265pt x 151.81633pt.
LaTeX Info: Redefining \. on input line 83.
LaTeX Info: Redefining \% on input line 83.
 [60]
<imagenes/compute_alto_nivel_diagram.png, id=1176, 466.74374pt x 1006.76125pt>
File: imagenes/compute_alto_nivel_diagram.png Graphic file (type png)
<use imagenes/compute_alto_nivel_diagram.png>
Package pdftex.def Info: imagenes/compute_alto_nivel_diagram.png  used on input
 line 101.
(pdftex.def)             Requested size: 271.7835pt x 586.25694pt.
) (capitulo6_optimizacion.tex) (capitulo7_resultados.tex)
(bibliografa.tex
LaTeX Info: Redefining \. on input line 1.
LaTeX Info: Redefining \% on input line 1.
 [61 <./imagenes/normales_mal.png> <./imagenes/normales_bien.png>]
LaTeX Info: Redefining \. on input line 1.
LaTeX Info: Redefining \% on input line 1.
 [62 <./imagenes/compute_alto_nivel_diagram.png>]
Overfull \hbox (32.23196pt too wide) in paragraph at lines 7--8
\T1/lmtt/m/n/10.95 la-[]velocidad-[]de-[]reaccion-[]el-[]tiempo-[]de-[]reaccion
-[]simple-[]complejo-[]la-[]anticipacion/$[]\T1/lmr/m/n/10.95 .
 []

)
Package atveryend Info: Empty hook `BeforeClearDocument' on input line 84.
 [63

]
Package atveryend Info: Empty hook `AfterLastShipout' on input line 84.
 (memoria.aux
LaTeX Info: Redefining \. on input line 23.
LaTeX Info: Redefining \% on input line 23.
)
Package atveryend Info: Executing hook `AtVeryEndDocument' on input line 84.
Package atveryend Info: Executing hook `AtEndAfterFileList' on input line 84.
Package rerunfilecheck Info: File `memoria.out' has not changed.
(rerunfilecheck)             Checksum: 8A6AF51D51836E970723264C43951B6E;3228.


LaTeX Warning: There were multiply-defined labels.

Package atveryend Info: Empty hook `AtVeryVeryEnd' on input line 84.
 ) 
Here is how much of TeX's memory you used:
 10849 strings out of 493305
 160587 string characters out of 3130237
 418305 words of memory out of 3000000
 13520 multiletter control sequences out of 15000+200000
 78732 words of font info for 53 fonts, out of 3000000 for 9000
 1141 hyphenation exceptions out of 8191
 34i,11n,58p,1391b,1930s stack positions out of 5000i,500n,10000p,200000b,50000s
pdfTeX warning (dest): name{cite.se\361al_analogica} has been referenced but 
does not exist, replaced by a fixed one

{C:/Users/Javi/AppData/Local/Programs/MiKTeX 2.9/fonts/enc/dvips/lm/lm-rm.enc}{
C:/Users/Javi/AppData/Local/Programs/MiKTeX 2.9/fonts/enc/dvips/lm/lm-mathsy.en
c}{C:/Users/Javi/AppData/Local/Programs/MiKTeX 2.9/fonts/enc/dvips/lm/lm-ec.enc
}{C:/Users/Javi/AppData/Local/Programs/MiKTeX 2.9/fonts/enc/dvips/lm/lm-mathex.
enc}{C:/Users/Javi/AppData/Local/Programs/MiKTeX 2.9/fonts/enc/dvips/lm/lm-math
it.enc}<C:/Users/Javi/AppData/Local/Programs/MiKTeX 2.9/fonts/type1/public/lm/l
mbx10.pfb><C:/Users/Javi/AppData/Local/Programs/MiKTeX 2.9/fonts/type1/public/l
m/lmbx12.pfb><C:/Users/Javi/AppData/Local/Programs/MiKTeX 2.9/fonts/type1/publi
c/lm/lmcsc10.pfb><C:/Users/Javi/AppData/Local/Programs/MiKTeX 2.9/fonts/type1/p
ublic/lm/lmex10.pfb><C:/Users/Javi/AppData/Local/Programs/MiKTeX 2.9/fonts/type
1/public/lm/lmmi10.pfb><C:/Users/Javi/AppData/Local/Programs/MiKTeX 2.9/fonts/t
ype1/public/lm/lmmi6.pfb><C:/Users/Javi/AppData/Local/Programs/MiKTeX 2.9/fonts
/type1/public/lm/lmmi8.pfb><C:/Users/Javi/AppData/Local/Programs/MiKTeX 2.9/fon
ts/type1/public/lm/lmr10.pfb><C:/Users/Javi/AppData/Local/Programs/MiKTeX 2.9/f
onts/type1/public/lm/lmr12.pfb><C:/Users/Javi/AppData/Local/Programs/MiKTeX 2.9
/fonts/type1/public/lm/lmr17.pfb><C:/Users/Javi/AppData/Local/Programs/MiKTeX 2
.9/fonts/type1/public/lm/lmr6.pfb><C:/Users/Javi/AppData/Local/Programs/MiKTeX 
2.9/fonts/type1/public/lm/lmr8.pfb><C:/Users/Javi/AppData/Local/Programs/MiKTeX
 2.9/fonts/type1/public/lm/lmr9.pfb><C:/Users/Javi/AppData/Local/Programs/MiKTe
X 2.9/fonts/type1/public/lm/lmri10.pfb><C:/Users/Javi/AppData/Local/Programs/Mi
KTeX 2.9/fonts/type1/public/lm/lmro10.pfb><C:/Users/Javi/AppData/Local/Programs
/MiKTeX 2.9/fonts/type1/public/lm/lmsy10.pfb><C:/Users/Javi/AppData/Local/Progr
ams/MiKTeX 2.9/fonts/type1/public/lm/lmsy8.pfb><C:/Users/Javi/AppData/Local/Pro
grams/MiKTeX 2.9/fonts/type1/public/lm/lmsy9.pfb><C:/Users/Javi/AppData/Local/P
rograms/MiKTeX 2.9/fonts/type1/public/lm/lmtt10.pfb>
Output written on memoria.pdf (69 pages, 8624863 bytes).
PDF statistics:
 1422 PDF objects out of 1440 (max. 8388607)
 644 named destinations out of 1000 (max. 500000)
 608 words of extra memory for PDF output out of 10000 (max. 10000000)

