\BOOKMARK [0][-]{chapter.1}{ Cap\355tulo introductorio}{}% 1
\BOOKMARK [1][-]{section.1.1}{La visi\363n como herramienta}{chapter.1}% 2
\BOOKMARK [2][-]{subsection.1.1.1}{La visi\363n en el ser humano}{section.1.1}% 3
\BOOKMARK [2][-]{subsection.1.1.2}{Exportando la capacidad de visi\363n}{section.1.1}% 4
\BOOKMARK [1][-]{section.1.2}{Concepto de nube de puntos}{chapter.1}% 5
\BOOKMARK [1][-]{section.1.3}{Adquisici\363n de informaci\363n: Sensores y evoluci\363n}{chapter.1}% 6
\BOOKMARK [2][-]{subsection.1.3.1}{Sensores l\341ser}{section.1.3}% 7
\BOOKMARK [2][-]{subsection.1.3.2}{Alternativas a lidar}{section.1.3}% 8
\BOOKMARK [1][-]{section.1.4}{Procesamiento software de informaci\363n }{chapter.1}% 9
\BOOKMARK [0][-]{chapter.2}{Capacidades de PCL: Objetivos del presente trabajo y herramientas necesarias}{}% 10
\BOOKMARK [1][-]{section.2.1}{Introducci\363n}{chapter.2}% 11
\BOOKMARK [1][-]{section.2.2}{Capacidades de PCL}{chapter.2}% 12
\BOOKMARK [1][-]{section.2.3}{Objetivos del TFG}{chapter.2}% 13
\BOOKMARK [1][-]{section.2.4}{Descripci\363n e instalaci\363n de herramientas necesarias para desarrollar el trabajo}{chapter.2}% 14
\BOOKMARK [2][-]{subsection.2.4.1}{Herramientas hardware}{section.2.4}% 15
\BOOKMARK [2][-]{subsection.2.4.2}{Herramientas software}{section.2.4}% 16
\BOOKMARK [1][-]{section.2.5}{Conclusiones}{chapter.2}% 17
\BOOKMARK [0][-]{chapter.3}{Reproducci\363n de algoritmos de PCL: Visualizaci\363n de nubes y extracci\363n de keypoints}{}% 18
\BOOKMARK [1][-]{section.3.1}{Introducci\363n}{chapter.3}% 19
\BOOKMARK [1][-]{section.3.2}{Generaci\363n de programas a partir de c\363digo en C++}{chapter.3}% 20
\BOOKMARK [1][-]{section.3.3}{Visualizaci\363n de nubes de puntos}{chapter.3}% 21
\BOOKMARK [1][-]{section.3.4}{Programa principal: Extracci\363n de puntos SIFT}{chapter.3}% 22
\BOOKMARK [1][-]{section.3.5}{Ejemplos de visualizaci\363n y extracci\363n de puntos SIFT}{chapter.3}% 23
\BOOKMARK [2][-]{subsection.3.5.1}{Visualizaci\363n}{section.3.5}% 24
\BOOKMARK [2][-]{subsection.3.5.2}{Extracci\363n de puntos SIFT}{section.3.5}% 25
\BOOKMARK [2][-]{subsection.3.5.3}{Visualizaci\363n de puntos SIFT}{section.3.5}% 26
\BOOKMARK [1][-]{section.3.6}{Conclusiones}{chapter.3}% 27
\BOOKMARK [0][-]{chapter.4}{Medici\363n de tiempos de ejecuci\363n}{}% 28
\BOOKMARK [1][-]{section.4.1}{Introducci\363n}{chapter.4}% 29
\BOOKMARK [1][-]{section.4.2}{M\351todo de medici\363n}{chapter.4}% 30
\BOOKMARK [1][-]{section.4.3}{Resultados de medici\363n sobre la FPGA}{chapter.4}% 31
\BOOKMARK [1][-]{section.4.4}{Resultados gr\341ficos}{chapter.4}% 32
\BOOKMARK [1][-]{section.4.5}{Conclusiones}{chapter.4}% 33
\BOOKMARK [0][-]{chapter.5}{Extracci\363n de normales a la superficie de una nube usando PCL}{}% 34
\BOOKMARK [1][-]{section.5.1}{Introducci\363n}{chapter.5}% 35
\BOOKMARK [1][-]{section.5.2}{T\351cnica de estimaci\363n de vectores normales}{chapter.5}% 36
\BOOKMARK [1][-]{section.5.3}{Estimaci\363n de normales a la superficie de una nube: alto nivel}{chapter.5}% 37
\BOOKMARK [1][-]{section.5.4}{Estimaci\363n de normales a la superficie de una nube: bajo nivel}{chapter.5}% 38
\BOOKMARK [1][-]{section.5.5}{Conclusiones}{chapter.5}% 39
