INFO: [SIM 2] *************** CSIM start ***************
INFO: [SIM 4] CSIM will launch GCC as the compiler.
   Compiling ../../../normal_tb.cpp in debug mode
   Compiling ../../../normal.cpp in debug mode
   Generating csim.exe

 covariance matrix before
 0.000000  0.000000  0.000000 
 0.000000  0.000000  0.000000 
 0.000000  0.000000  0.000000 

point cloud

indices
13703 13702 13698 13697 13699 13668 13696 13667 13669 13700 13666 13670 13592 13695 13591 13701 13593 13671 13594 13665 13590 13486 13589 13487 13485 13664 13488 13484 13595 13483 13588 13368 13369 13596 13367 13489 13366 13370 13482 13587 13371 13365 13490 13597 13248 13249 13250 13364 13481 13251 13247 13491 13586 13372 13252 13598 13246 13363 13373 13131 13480 13130 13253 13245 13129 13492 13132 13128 13133 13127 13585 13362 13374 13244 13254 13134 13009 13479 13126 13008 13007 13010 13006 13243 13255 13361 13135 13375 13011 13125 13005 13478 13012 13493 12887 13242 13136 12886 13124 13256 12888 13360 12885 12884 13013 13003 13376 12889 13477 13584 13494 13004 13123 13241 12890 13137 12883 13014 13002 13257 13359 12758 12759 13377 12760 12757 12891 13583 12761 12881 13001 13122 13015 13240 12882 13138 12756 13258 12892 13476 12762 13358 13582 12763 12630 12629 13016 12755 13000 13121 12880 13495 13139 12631 12893 13475 13239 12628 12632 12764 13378 12754 12633 12753 12879 13357 12999 12894 13017 13120 13581 12627 12752 12634 12765 12626 13259 12878 13238 12499 13474 13496 12500 12751 12501 12635 12625 12624 12998 12895 13356 13140 13379 12766 13119 12877 13260 13018 12498 12502 12750 12636 13237 12623 12497 12496 12495 13473 12622 12997 12767 12503 13141 12876 12494 12749 12896 12637 13019 13355 13497 12493 13118 

covariance matrix from HLS
 0.000019  -0.000004  0.000005 
 -0.000004  0.000066  0.000028 
 0.000005  0.000028  0.000018 


covariance matrix from PCL
0.000019 -0.000004 0.000005
-0.000004 0.000066 0.000028
0.000005 0.000028 0.000018
INFO: [SIM 1] CSim done with 0 errors.
INFO: [SIM 3] *************** CSIM finish ***************
