

================================================================
== Vivado HLS Report for 'compute'
================================================================
* Date:           Wed Sep 26 11:50:13 2018

* Version:        2018.2.1 (Build 2288704 on Thu Jul 26 18:46:41 MDT 2018)
* Project:        normal
* Solution:       solution1
* Product family: zynq
* Target device:  xc7z020clg484-1


================================================================
== Performance Estimates
================================================================
+ Timing (ns): 
    * Summary: 
    +--------+-------+----------+------------+
    |  Clock | Target| Estimated| Uncertainty|
    +--------+-------+----------+------------+
    |ap_clk  |  10.00|     8.400|        1.25|
    +--------+-------+----------+------------+

+ Latency (clock cycles): 
    * Summary: 
    +-----+-----+-----+-----+---------+
    |  Latency  |  Interval | Pipeline|
    | min | max | min | max |   Type  |
    +-----+-----+-----+-----+---------+
    |  263|  263|  263|  263|   none  |
    +-----+-----+-----+-----+---------+

    + Detail: 
        * Instance: 
        N/A

        * Loop: 
        +---------------+-----+-----+----------+-----------+-----------+------+----------+
        |               |  Latency  | Iteration|  Initiation Interval  | Trip |          |
        |   Loop Name   | min | max |  Latency |  achieved |   target  | Count| Pipelined|
        +---------------+-----+-----+----------+-----------+-----------+------+----------+
        |- memset_accu  |    8|    8|         1|          -|          -|     9|    no    |
        |- Loop 2       |   85|   85|        17|          -|          -|     5|    no    |
        |- Loop 3       |  153|  153|        17|          -|          -|     9|    no    |
        +---------------+-----+-----+----------+-----------+-----------+------+----------+



================================================================
== Utilization Estimates
================================================================
* Summary: 
+-----------------+---------+-------+--------+-------+
|       Name      | BRAM_18K| DSP48E|   FF   |  LUT  |
+-----------------+---------+-------+--------+-------+
|DSP              |        -|      -|       -|      -|
|Expression       |        -|      -|       0|    302|
|FIFO             |        -|      -|       -|      -|
|Instance         |        -|     12|    1662|   2806|
|Memory           |        2|      -|       0|      0|
|Multiplexer      |        -|      -|       -|   1034|
|Register         |        -|      -|    1195|      -|
+-----------------+---------+-------+--------+-------+
|Total            |        2|     12|    2857|   4142|
+-----------------+---------+-------+--------+-------+
|Available        |      280|    220|  106400|  53200|
+-----------------+---------+-------+--------+-------+
|Utilization (%)  |    ~0   |      5|       2|      7|
+-----------------+---------+-------+--------+-------+

+ Detail: 
    * Instance: 
    +-------------------------+----------------------+---------+-------+-----+-----+
    |         Instance        |        Module        | BRAM_18K| DSP48E|  FF | LUT |
    +-------------------------+----------------------+---------+-------+-----+-----+
    |compute_fadd_32nscud_U3  |compute_fadd_32nscud  |        0|      2|  205|  390|
    |compute_faddfsub_bkb_U1  |compute_faddfsub_bkb  |        0|      2|  205|  390|
    |compute_faddfsub_bkb_U2  |compute_faddfsub_bkb  |        0|      2|  205|  390|
    |compute_fdiv_32nseOg_U6  |compute_fdiv_32nseOg  |        0|      0|  761|  994|
    |compute_fmul_32nsdEe_U4  |compute_fmul_32nsdEe  |        0|      3|  143|  321|
    |compute_fmul_32nsdEe_U5  |compute_fmul_32nsdEe  |        0|      3|  143|  321|
    +-------------------------+----------------------+---------+-------+-----+-----+
    |Total                    |                      |        0|     12| 1662| 2806|
    +-------------------------+----------------------+---------+-------+-----+-----+

    * DSP48: 
    N/A

    * Memory: 
    +--------+--------------+---------+---+----+------+-----+------+-------------+
    | Memory |    Module    | BRAM_18K| FF| LUT| Words| Bits| Banks| W*Bits*Banks|
    +--------+--------------+---------+---+----+------+-----+------+-------------+
    |accu_U  |compute_accu  |        2|  0|   0|     9|   32|     1|          288|
    +--------+--------------+---------+---+----+------+-----+------+-------------+
    |Total   |              |        2|  0|   0|     9|   32|     1|          288|
    +--------+--------------+---------+---+----+------+-----+------+-------------+

    * FIFO: 
    N/A

    * Expression: 
    +---------------------+----------+-------+---+----+------------+------------+
    |    Variable Name    | Operation| DSP48E| FF| LUT| Bitwidth P0| Bitwidth P1|
    +---------------------+----------+-------+---+----+------------+------------+
    |i_1_fu_748_p2        |     +    |      0|  0|  12|           3|           1|
    |i_2_fu_1230_p2       |     +    |      0|  0|  13|           4|           1|
    |indvarinc_fu_725_p2  |     +    |      0|  0|  13|           4|           1|
    |tmp_35_fu_862_p2     |     +    |      0|  0|   8|           1|           6|
    |tmp_59_fu_922_p2     |     +    |      0|  0|   8|           2|           6|
    |tmp_63_fu_955_p2     |     +    |      0|  0|   8|           1|           6|
    |tmp_67_fu_988_p2     |     +    |      0|  0|   8|           1|           6|
    |tmp_71_fu_1021_p2    |     +    |      0|  0|   8|           1|           6|
    |tmp_75_fu_1054_p2    |     +    |      0|  0|   8|           2|           6|
    |tmp_79_fu_1087_p2    |     +    |      0|  0|   8|           2|           6|
    |tmp_83_fu_1120_p2    |     +    |      0|  0|   8|           2|           6|
    |tmp_90_fu_1180_p2    |     +    |      0|  0|   8|           1|           6|
    |tmp_94_fu_1213_p2    |     +    |      0|  0|   8|           2|           6|
    |tmp_15_fu_775_p2     |     -    |      0|  0|  15|           6|           6|
    |tmp_20_fu_802_p2     |     -    |      0|  0|  15|           6|           6|
    |tmp_27_fu_829_p2     |     -    |      0|  0|  15|           6|           6|
    |tmp_32_fu_856_p2     |     -    |      0|  0|   8|           6|           6|
    |tmp_55_fu_889_p2     |     -    |      0|  0|  15|           6|           6|
    |tmp_58_fu_916_p2     |     -    |      0|  0|   8|           6|           6|
    |tmp_62_fu_949_p2     |     -    |      0|  0|   8|           6|           6|
    |tmp_66_fu_982_p2     |     -    |      0|  0|   8|           6|           6|
    |tmp_70_fu_1015_p2    |     -    |      0|  0|   8|           6|           6|
    |tmp_74_fu_1048_p2    |     -    |      0|  0|   8|           6|           6|
    |tmp_78_fu_1081_p2    |     -    |      0|  0|   8|           6|           6|
    |tmp_82_fu_1114_p2    |     -    |      0|  0|   8|           6|           6|
    |tmp_86_fu_1147_p2    |     -    |      0|  0|  15|           6|           6|
    |tmp_89_fu_1174_p2    |     -    |      0|  0|   8|           6|           6|
    |tmp_93_fu_1207_p2    |     -    |      0|  0|   8|           6|           6|
    |exitcond1_fu_742_p2  |   icmp   |      0|  0|   9|           3|           3|
    |exitcond_fu_1224_p2  |   icmp   |      0|  0|   9|           4|           4|
    |tmp_1_fu_736_p2      |   icmp   |      0|  0|  11|           4|           5|
    +---------------------+----------+-------+---+----+------------+------------+
    |Total                |          |      0|  0| 302|         127|         165|
    +---------------------+----------+-------+---+----+------------+------------+

    * Multiplexer: 
    +----------------------------+-----+-----------+-----+-----------+
    |            Name            | LUT | Input Size| Bits| Total Bits|
    +----------------------------+-----+-----------+-----+-----------+
    |accu_address0               |   47|         10|    4|         40|
    |accu_address1               |   47|         10|    4|         40|
    |accu_d0                     |   41|          8|   32|        256|
    |accu_d1                     |   27|          5|   32|        160|
    |ap_NS_fsm                   |  221|         51|    1|         51|
    |centroid_address0           |   21|          4|    2|          8|
    |centroid_d0                 |   21|          4|   32|        128|
    |cloud_address0              |   44|          9|    5|         45|
    |cloud_address1              |   41|          8|    5|         40|
    |covariance_matrix_address0  |   33|          6|    4|         24|
    |covariance_matrix_address1  |   27|          5|    4|         20|
    |covariance_matrix_d0        |   21|          4|   32|        128|
    |covariance_matrix_d1        |   21|          4|   32|        128|
    |grp_fu_576_opcode           |   15|          3|    2|          6|
    |grp_fu_576_p0               |   47|         10|   32|        320|
    |grp_fu_576_p1               |   33|          6|   32|        192|
    |grp_fu_584_opcode           |   15|          3|    2|          6|
    |grp_fu_584_p0               |   33|          6|   32|        192|
    |grp_fu_584_p1               |   33|          6|   32|        192|
    |grp_fu_597_p0               |   27|          5|   32|        160|
    |grp_fu_597_p1               |   21|          4|   32|        128|
    |grp_fu_605_p0               |   21|          4|   32|        128|
    |grp_fu_605_p1               |   21|          4|   32|        128|
    |i1_reg_565                  |    9|          2|    4|          8|
    |i_reg_554                   |    9|          2|    3|          6|
    |indices_address0            |   15|          3|    3|          9|
    |indices_address1            |   15|          3|    3|          9|
    |invdar_reg_435              |    9|          2|    4|          8|
    |reg_705                     |    9|          2|   32|         64|
    |reg_715                     |    9|          2|   32|         64|
    |tmp_2_reg_446               |    9|          2|   32|         64|
    |tmp_3_reg_458               |    9|          2|   32|         64|
    |tmp_4_reg_470               |    9|          2|   32|         64|
    |tmp_5_reg_482               |    9|          2|   32|         64|
    |tmp_6_reg_494               |    9|          2|   32|         64|
    |tmp_7_reg_506               |    9|          2|   32|         64|
    |tmp_8_reg_518               |    9|          2|   32|         64|
    |tmp_9_reg_530               |    9|          2|   32|         64|
    |tmp_s_reg_542               |    9|          2|   32|         64|
    +----------------------------+-----+-----------+-----+-----------+
    |Total                       | 1034|        213|  818|       3264|
    +----------------------------+-----+-----------+-----+-----------+

    * Register: 
    +-----------------------+----+----+-----+-----------+
    |          Name         | FF | LUT| Bits| Const Bits|
    +-----------------------+----+----+-----+-----------+
    |accu_addr_10_reg_1487  |   4|   0|    4|          0|
    |accu_load_3_reg_1492   |  32|   0|   32|          0|
    |accu_load_4_reg_1497   |  32|   0|   32|          0|
    |accu_load_6_reg_1507   |  32|   0|   32|          0|
    |ap_CS_fsm              |  50|   0|   50|          0|
    |i1_reg_565             |   4|   0|    4|          0|
    |i_1_reg_1353           |   3|   0|    3|          0|
    |i_2_reg_1482           |   4|   0|    4|          0|
    |i_reg_554              |   3|   0|    3|          0|
    |indices_addr_reg_1358  |   3|   0|    3|          0|
    |invdar_reg_435         |   4|   0|    4|          0|
    |reg_618                |  32|   0|   32|          0|
    |reg_624                |  32|   0|   32|          0|
    |reg_630                |  32|   0|   32|          0|
    |reg_651                |  32|   0|   32|          0|
    |reg_656                |  32|   0|   32|          0|
    |reg_661                |  32|   0|   32|          0|
    |reg_666                |  32|   0|   32|          0|
    |reg_674                |  32|   0|   32|          0|
    |reg_681                |  32|   0|   32|          0|
    |reg_689                |  32|   0|   32|          0|
    |reg_696                |  32|   0|   32|          0|
    |reg_705                |  32|   0|   32|          0|
    |reg_715                |  32|   0|   32|          0|
    |tmp_22_reg_1449        |  32|   0|   32|          0|
    |tmp_25_reg_1434        |  32|   0|   32|          0|
    |tmp_26_reg_1455        |  32|   0|   32|          0|
    |tmp_29_reg_1444        |  32|   0|   32|          0|
    |tmp_2_reg_446          |  32|   0|   32|          0|
    |tmp_30_reg_1467        |  32|   0|   32|          0|
    |tmp_34_reg_1473        |  32|   0|   32|          0|
    |tmp_38_reg_1461        |  32|   0|   32|          0|
    |tmp_3_reg_458          |  32|   0|   32|          0|
    |tmp_43_reg_1502        |  32|   0|   32|          0|
    |tmp_47_reg_1512        |  32|   0|   32|          0|
    |tmp_4_reg_470          |  32|   0|   32|          0|
    |tmp_51_reg_1517        |  32|   0|   32|          0|
    |tmp_5_reg_482          |  32|   0|   32|          0|
    |tmp_6_reg_494          |  32|   0|   32|          0|
    |tmp_7_reg_506          |  32|   0|   32|          0|
    |tmp_8_reg_518          |  32|   0|   32|          0|
    |tmp_9_reg_530          |  32|   0|   32|          0|
    |tmp_s_reg_542          |  32|   0|   32|          0|
    +-----------------------+----+----+-----+-----------+
    |Total                  |1195|   0| 1195|          0|
    +-----------------------+----+----+-----+-----------+



================================================================
== Interface
================================================================
* Summary: 
+----------------------------+-----+-----+------------+-------------------+--------------+
|          RTL Ports         | Dir | Bits|  Protocol  |   Source Object   |    C Type    |
+----------------------------+-----+-----+------------+-------------------+--------------+
|ap_clk                      |  in |    1| ap_ctrl_hs |      compute      | return value |
|ap_rst                      |  in |    1| ap_ctrl_hs |      compute      | return value |
|ap_start                    |  in |    1| ap_ctrl_hs |      compute      | return value |
|ap_done                     | out |    1| ap_ctrl_hs |      compute      | return value |
|ap_idle                     | out |    1| ap_ctrl_hs |      compute      | return value |
|ap_ready                    | out |    1| ap_ctrl_hs |      compute      | return value |
|ap_return                   | out |   32| ap_ctrl_hs |      compute      | return value |
|covariance_matrix_address0  | out |    4|  ap_memory | covariance_matrix |     array    |
|covariance_matrix_ce0       | out |    1|  ap_memory | covariance_matrix |     array    |
|covariance_matrix_we0       | out |    1|  ap_memory | covariance_matrix |     array    |
|covariance_matrix_d0        | out |   32|  ap_memory | covariance_matrix |     array    |
|covariance_matrix_address1  | out |    4|  ap_memory | covariance_matrix |     array    |
|covariance_matrix_ce1       | out |    1|  ap_memory | covariance_matrix |     array    |
|covariance_matrix_we1       | out |    1|  ap_memory | covariance_matrix |     array    |
|covariance_matrix_d1        | out |   32|  ap_memory | covariance_matrix |     array    |
|centroid_address0           | out |    2|  ap_memory |      centroid     |     array    |
|centroid_ce0                | out |    1|  ap_memory |      centroid     |     array    |
|centroid_we0                | out |    1|  ap_memory |      centroid     |     array    |
|centroid_d0                 | out |   32|  ap_memory |      centroid     |     array    |
|centroid_address1           | out |    2|  ap_memory |      centroid     |     array    |
|centroid_ce1                | out |    1|  ap_memory |      centroid     |     array    |
|centroid_we1                | out |    1|  ap_memory |      centroid     |     array    |
|centroid_d1                 | out |   32|  ap_memory |      centroid     |     array    |
|cloud_address0              | out |    5|  ap_memory |       cloud       |     array    |
|cloud_ce0                   | out |    1|  ap_memory |       cloud       |     array    |
|cloud_q0                    |  in |   32|  ap_memory |       cloud       |     array    |
|cloud_address1              | out |    5|  ap_memory |       cloud       |     array    |
|cloud_ce1                   | out |    1|  ap_memory |       cloud       |     array    |
|cloud_q1                    |  in |   32|  ap_memory |       cloud       |     array    |
|indices_address0            | out |    3|  ap_memory |      indices      |     array    |
|indices_ce0                 | out |    1|  ap_memory |      indices      |     array    |
|indices_q0                  |  in |   32|  ap_memory |      indices      |     array    |
|indices_address1            | out |    3|  ap_memory |      indices      |     array    |
|indices_ce1                 | out |    1|  ap_memory |      indices      |     array    |
|indices_q1                  |  in |   32|  ap_memory |      indices      |     array    |
+----------------------------+-----+-----+------------+-------------------+--------------+

